[ 2017-07-13T11:10:18+08:00 ] 127.0.0.1 /
INFO: [ app_init ] --START--
INFO: Run Behavior\BuildLiteBehavior [ RunTime:0.000000s ]
INFO: [ app_init ] --END-- [ RunTime:0.011000s ]
INFO: [ app_begin ] --START--
INFO: Run Behavior\ReadHtmlCacheBehavior [ RunTime:0.001000s ]
INFO: [ app_begin ] --END-- [ RunTime:0.001000s ]
NOTIC: [8] A session had already been started - ignoring session_start() E:\www\xuan\ThinkPHP\Common\functions.php 第 1263 行.
SQL: SHOW COLUMNS FROM `emlog_options` [ RunTime:0.0180s ]
SQL: SELECT * FROM `emlog_options`  [ RunTime:0.0030s ]
SQL: SHOW COLUMNS FROM `emlog_blog` [ RunTime:0.0130s ]
SQL: SELECT `gid`,`title` FROM `emlog_blog` ORDER BY date desc LIMIT 8   [ RunTime:0.0150s ]
SQL: SHOW COLUMNS FROM `emlog_comment` [ RunTime:0.0120s ]
SQL: SELECT `gid`,`comment`,`poster` FROM `emlog_comment` ORDER BY date desc LIMIT 6   [ RunTime:0.0050s ]
SQL: SHOW COLUMNS FROM `emlog_link` [ RunTime:0.0060s ]
SQL: SELECT `sitename`,`siteurl`,`description` FROM `emlog_link` WHERE ( hide='n' ) ORDER BY taxis asc LIMIT 6   [ RunTime:0.0010s ]
SQL: SELECT COUNT(*) AS tp_count FROM emlog_blog a LEFT JOIN emlog_user b ON a.author = b.uid LEFT JOIN emlog_sort c ON a.sortid = c.sid  WHERE (  1=1  ) LIMIT 1   [ RunTime:0.0280s ]
SQL: SELECT a.gid,a.title,a.content,a.excerpt,FROM_UNIXTIME(a.date,"%Y-%m-%d %H:%i:%S") as date,a.type,a.comnum,a.views,a.top,b.nickname,b.uid,c.sortname,c.sid FROM emlog_blog a LEFT JOIN emlog_user b ON a.author = b.uid LEFT JOIN emlog_sort c ON a.sortid = c.sid  WHERE (  1=1  ) ORDER BY a.top desc, a.date desc LIMIT 0,10   [ RunTime:0.0090s ]
INFO: [ view_parse ] --START--
INFO: [ template_filter ] --START--
INFO: Run Behavior\ContentReplaceBehavior [ RunTime:0.000000s ]
INFO: [ template_filter ] --END-- [ RunTime:0.000000s ]
INFO: Run Behavior\ParseTemplateBehavior [ RunTime:0.072004s ]
INFO: [ view_parse ] --END-- [ RunTime:0.072004s ]
INFO: [ view_filter ] --START--
INFO: Run Behavior\WriteHtmlCacheBehavior [ RunTime:0.008001s ]
INFO: Run Behavior\TokenBuildBehavior [ RunTime:0.006000s ]
INFO: [ view_filter ] --END-- [ RunTime:0.014001s ]
INFO: [ app_end ] --START--
INFO: Run Behavior\ShowPageTraceBehavior [ RunTime:0.006000s ]
INFO: [ app_end ] --END-- [ RunTime:0.007001s ]

[ 2017-07-13T18:21:49+08:00 ] 127.0.0.1 /
INFO: [ app_init ] --START--
INFO: Run Behavior\BuildLiteBehavior [ RunTime:0.000000s ]
INFO: [ app_init ] --END-- [ RunTime:0.053003s ]
INFO: [ app_begin ] --START--
INFO: Run Behavior\ReadHtmlCacheBehavior [ RunTime:0.016001s ]
INFO: [ app_begin ] --END-- [ RunTime:0.017001s ]
NOTIC: [8] A session had already been started - ignoring session_start() E:\www\xuan\ThinkPHP\Common\functions.php 第 1263 行.
SQL: SHOW COLUMNS FROM `emlog_options` [ RunTime:0.3570s ]
SQL: SELECT * FROM `emlog_options`  [ RunTime:0.0240s ]
SQL: SHOW COLUMNS FROM `emlog_blog` [ RunTime:0.0120s ]
SQL: SELECT `gid`,`title` FROM `emlog_blog` ORDER BY date desc LIMIT 8   [ RunTime:0.0470s ]
SQL: SHOW COLUMNS FROM `emlog_comment` [ RunTime:0.0010s ]
SQL: SELECT `gid`,`comment`,`poster` FROM `emlog_comment` ORDER BY date desc LIMIT 6   [ RunTime:0.0200s ]
SQL: SHOW COLUMNS FROM `emlog_link` [ RunTime:0.0010s ]
SQL: SELECT `sitename`,`siteurl`,`description` FROM `emlog_link` WHERE ( hide='n' ) ORDER BY taxis asc LIMIT 6   [ RunTime:0.0250s ]
SQL: SELECT COUNT(*) AS tp_count FROM emlog_blog a LEFT JOIN emlog_user b ON a.author = b.uid LEFT JOIN emlog_sort c ON a.sortid = c.sid  WHERE (  1=1  ) LIMIT 1   [ RunTime:0.0690s ]
SQL: SELECT a.gid,a.title,a.content,a.excerpt,FROM_UNIXTIME(a.date,"%Y-%m-%d %H:%i:%S") as date,a.type,a.comnum,a.views,a.top,b.nickname,b.uid,c.sortname,c.sid FROM emlog_blog a LEFT JOIN emlog_user b ON a.author = b.uid LEFT JOIN emlog_sort c ON a.sortid = c.sid  WHERE (  1=1  ) ORDER BY a.top desc, a.date desc LIMIT 0,10   [ RunTime:0.1940s ]
INFO: [ view_parse ] --START--
INFO: [ template_filter ] --START--
INFO: Run Behavior\ContentReplaceBehavior [ RunTime:0.030002s ]
INFO: [ template_filter ] --END-- [ RunTime:0.030002s ]
INFO: Run Behavior\ParseTemplateBehavior [ RunTime:1.382079s ]
INFO: [ view_parse ] --END-- [ RunTime:1.382079s ]
INFO: [ view_filter ] --START--
INFO: Run Behavior\WriteHtmlCacheBehavior [ RunTime:0.012001s ]
INFO: Run Behavior\TokenBuildBehavior [ RunTime:0.022001s ]
INFO: [ view_filter ] --END-- [ RunTime:0.034002s ]
INFO: [ app_end ] --START--
INFO: Run Behavior\ShowPageTraceBehavior [ RunTime:0.018001s ]
INFO: [ app_end ] --END-- [ RunTime:0.018001s ]

[ 2017-07-13T18:21:49+08:00 ] 127.0.0.1 /
INFO: [ app_init ] --START--
INFO: Run Behavior\BuildLiteBehavior [ RunTime:0.000000s ]
INFO: [ app_init ] --END-- [ RunTime:0.000000s ]
INFO: [ app_begin ] --START--
INFO: Run Behavior\ReadHtmlCacheBehavior [ RunTime:0.001000s ]
INFO: [ app_begin ] --END-- [ RunTime:0.001000s ]
NOTIC: [8] A session had already been started - ignoring session_start() E:\www\xuan\ThinkPHP\Common\functions.php 第 1263 行.
SQL: SHOW COLUMNS FROM `emlog_options` [ RunTime:0.1480s ]
SQL: SELECT * FROM `emlog_options`  [ RunTime:0.0000s ]
SQL: SHOW COLUMNS FROM `emlog_blog` [ RunTime:0.0010s ]
SQL: SELECT `gid`,`title` FROM `emlog_blog` ORDER BY date desc LIMIT 8   [ RunTime:0.0000s ]
SQL: SHOW COLUMNS FROM `emlog_comment` [ RunTime:0.0580s ]
SQL: SELECT `gid`,`comment`,`poster` FROM `emlog_comment` ORDER BY date desc LIMIT 6   [ RunTime:0.0000s ]
SQL: SHOW COLUMNS FROM `emlog_link` [ RunTime:0.0310s ]
SQL: SELECT `sitename`,`siteurl`,`description` FROM `emlog_link` WHERE ( hide='n' ) ORDER BY taxis asc LIMIT 6   [ RunTime:0.0000s ]
SQL: SELECT COUNT(*) AS tp_count FROM emlog_blog a LEFT JOIN emlog_user b ON a.author = b.uid LEFT JOIN emlog_sort c ON a.sortid = c.sid  WHERE (  1=1  ) LIMIT 1   [ RunTime:0.0020s ]
SQL: SELECT a.gid,a.title,a.content,a.excerpt,FROM_UNIXTIME(a.date,"%Y-%m-%d %H:%i:%S") as date,a.type,a.comnum,a.views,a.top,b.nickname,b.uid,c.sortname,c.sid FROM emlog_blog a LEFT JOIN emlog_user b ON a.author = b.uid LEFT JOIN emlog_sort c ON a.sortid = c.sid  WHERE (  1=1  ) ORDER BY a.top desc, a.date desc LIMIT 0,10   [ RunTime:0.2270s ]
INFO: [ view_parse ] --START--
INFO: [ template_filter ] --START--
INFO: Run Behavior\ContentReplaceBehavior [ RunTime:0.000000s ]
INFO: [ template_filter ] --END-- [ RunTime:0.000000s ]
INFO: Run Behavior\ParseTemplateBehavior [ RunTime:0.025002s ]
INFO: [ view_parse ] --END-- [ RunTime:0.025002s ]
INFO: [ view_filter ] --START--
INFO: Run Behavior\WriteHtmlCacheBehavior [ RunTime:0.001000s ]
INFO: Run Behavior\TokenBuildBehavior [ RunTime:0.005000s ]
INFO: [ view_filter ] --END-- [ RunTime:0.006000s ]
INFO: [ app_end ] --START--
INFO: Run Behavior\ShowPageTraceBehavior [ RunTime:0.000000s ]
INFO: [ app_end ] --END-- [ RunTime:0.000000s ]

[ 2017-07-13T18:31:17+08:00 ] 127.0.0.1 /
INFO: [ app_init ] --START--
INFO: Run Behavior\BuildLiteBehavior [ RunTime:0.000000s ]
INFO: [ app_init ] --END-- [ RunTime:0.001000s ]
INFO: [ app_begin ] --START--
INFO: Run Behavior\ReadHtmlCacheBehavior [ RunTime:0.001000s ]
INFO: [ app_begin ] --END-- [ RunTime:0.001000s ]
NOTIC: [8] A session had already been started - ignoring session_start() E:\www\xuan\ThinkPHP\Common\functions.php 第 1263 行.
SQL: SHOW COLUMNS FROM `emlog_options` [ RunTime:0.0000s ]
SQL: SELECT * FROM `emlog_options`  [ RunTime:0.0000s ]
SQL: SHOW COLUMNS FROM `emlog_blog` [ RunTime:0.0010s ]
SQL: SELECT `gid`,`title` FROM `emlog_blog` ORDER BY date desc LIMIT 8   [ RunTime:0.0000s ]
SQL: SHOW COLUMNS FROM `emlog_comment` [ RunTime:0.0010s ]
SQL: SELECT `gid`,`comment`,`poster` FROM `emlog_comment` ORDER BY date desc LIMIT 6   [ RunTime:0.0010s ]
SQL: SHOW COLUMNS FROM `emlog_link` [ RunTime:0.0000s ]
SQL: SELECT `sitename`,`siteurl`,`description` FROM `emlog_link` WHERE ( hide='n' ) ORDER BY taxis asc LIMIT 6   [ RunTime:0.0010s ]
SQL: SELECT COUNT(*) AS tp_count FROM emlog_blog a LEFT JOIN emlog_user b ON a.author = b.uid LEFT JOIN emlog_sort c ON a.sortid = c.sid  WHERE (  1=1  ) LIMIT 1   [ RunTime:0.0340s ]
SQL: SELECT a.gid,a.title,a.content,a.excerpt,FROM_UNIXTIME(a.date,"%Y-%m-%d %H:%i:%S") as date,a.type,a.comnum,a.views,a.top,b.nickname,b.uid,c.sortname,c.sid FROM emlog_blog a LEFT JOIN emlog_user b ON a.author = b.uid LEFT JOIN emlog_sort c ON a.sortid = c.sid  WHERE (  1=1  ) ORDER BY a.top desc, a.date desc LIMIT 0,10   [ RunTime:0.0100s ]
INFO: [ view_parse ] --START--
INFO: [ template_filter ] --START--
INFO: Run Behavior\ContentReplaceBehavior [ RunTime:0.000000s ]
INFO: [ template_filter ] --END-- [ RunTime:0.000000s ]
INFO: Run Behavior\ParseTemplateBehavior [ RunTime:0.007000s ]
INFO: [ view_parse ] --END-- [ RunTime:0.007000s ]
INFO: [ view_filter ] --START--
INFO: Run Behavior\WriteHtmlCacheBehavior [ RunTime:0.000000s ]
INFO: Run Behavior\TokenBuildBehavior [ RunTime:0.007001s ]
INFO: [ view_filter ] --END-- [ RunTime:0.007001s ]
INFO: [ app_end ] --START--
INFO: Run Behavior\ShowPageTraceBehavior [ RunTime:0.001000s ]
INFO: [ app_end ] --END-- [ RunTime:0.001000s ]

[ 2017-07-13T18:31:17+08:00 ] 127.0.0.1 /
INFO: [ app_init ] --START--
INFO: Run Behavior\BuildLiteBehavior [ RunTime:0.000000s ]
INFO: [ app_init ] --END-- [ RunTime:0.001001s ]
INFO: [ app_begin ] --START--
INFO: Run Behavior\ReadHtmlCacheBehavior [ RunTime:0.000000s ]
INFO: [ app_begin ] --END-- [ RunTime:0.000000s ]
NOTIC: [8] A session had already been started - ignoring session_start() E:\www\xuan\ThinkPHP\Common\functions.php 第 1263 行.
SQL: SHOW COLUMNS FROM `emlog_options` [ RunTime:0.0010s ]
SQL: SELECT * FROM `emlog_options`  [ RunTime:0.0010s ]
SQL: SHOW COLUMNS FROM `emlog_blog` [ RunTime:0.0010s ]
SQL: SELECT `gid`,`title` FROM `emlog_blog` ORDER BY date desc LIMIT 8   [ RunTime:0.0000s ]
SQL: SHOW COLUMNS FROM `emlog_comment` [ RunTime:0.0010s ]
SQL: SELECT `gid`,`comment`,`poster` FROM `emlog_comment` ORDER BY date desc LIMIT 6   [ RunTime:0.0000s ]
SQL: SHOW COLUMNS FROM `emlog_link` [ RunTime:0.0010s ]
SQL: SELECT `sitename`,`siteurl`,`description` FROM `emlog_link` WHERE ( hide='n' ) ORDER BY taxis asc LIMIT 6   [ RunTime:0.0000s ]
SQL: SELECT COUNT(*) AS tp_count FROM emlog_blog a LEFT JOIN emlog_user b ON a.author = b.uid LEFT JOIN emlog_sort c ON a.sortid = c.sid  WHERE (  1=1  ) LIMIT 1   [ RunTime:0.0020s ]
SQL: SELECT a.gid,a.title,a.content,a.excerpt,FROM_UNIXTIME(a.date,"%Y-%m-%d %H:%i:%S") as date,a.type,a.comnum,a.views,a.top,b.nickname,b.uid,c.sortname,c.sid FROM emlog_blog a LEFT JOIN emlog_user b ON a.author = b.uid LEFT JOIN emlog_sort c ON a.sortid = c.sid  WHERE (  1=1  ) ORDER BY a.top desc, a.date desc LIMIT 0,10   [ RunTime:0.0070s ]
INFO: [ view_parse ] --START--
INFO: [ template_filter ] --START--
INFO: Run Behavior\ContentReplaceBehavior [ RunTime:0.000000s ]
INFO: [ template_filter ] --END-- [ RunTime:0.000000s ]
INFO: Run Behavior\ParseTemplateBehavior [ RunTime:0.006000s ]
INFO: [ view_parse ] --END-- [ RunTime:0.006000s ]
INFO: [ view_filter ] --START--
INFO: Run Behavior\WriteHtmlCacheBehavior [ RunTime:0.000000s ]
INFO: Run Behavior\TokenBuildBehavior [ RunTime:0.005000s ]
INFO: [ view_filter ] --END-- [ RunTime:0.005000s ]
INFO: [ app_end ] --START--
INFO: Run Behavior\ShowPageTraceBehavior [ RunTime:0.000000s ]
INFO: [ app_end ] --END-- [ RunTime:0.000000s ]

