[ 2017-07-03T12:57:23+08:00 ] 10.10.9.234 /
INFO: [ app_init ] --START--
INFO: Run Behavior\BuildLiteBehavior [ RunTime:0.000000s ]
INFO: [ app_init ] --END-- [ RunTime:0.007000s ]
INFO: [ app_begin ] --START--
INFO: Run Behavior\ReadHtmlCacheBehavior [ RunTime:0.001000s ]
INFO: [ app_begin ] --END-- [ RunTime:0.001000s ]
NOTIC: [8] A session had already been started - ignoring session_start() E:\www\xuan\ThinkPHP\Common\functions.php 第 1263 行.
SQL: SHOW COLUMNS FROM `emlog_options` [ RunTime:0.0170s ]
SQL: SELECT * FROM `emlog_options`  [ RunTime:0.0000s ]
SQL: SHOW COLUMNS FROM `emlog_blog` [ RunTime:0.0080s ]
SQL: SELECT `gid`,`title` FROM `emlog_blog` ORDER BY date desc LIMIT 8   [ RunTime:0.0230s ]
SQL: SHOW COLUMNS FROM `emlog_comment` [ RunTime:0.0130s ]
SQL: SELECT `gid`,`comment`,`poster` FROM `emlog_comment` ORDER BY date desc LIMIT 6   [ RunTime:0.0070s ]
SQL: SHOW COLUMNS FROM `emlog_link` [ RunTime:0.0120s ]
SQL: SELECT `sitename`,`siteurl`,`description` FROM `emlog_link` WHERE ( hide='n' ) ORDER BY taxis asc LIMIT 6   [ RunTime:0.0010s ]
SQL: SELECT COUNT(*) AS tp_count FROM emlog_blog a LEFT JOIN emlog_user b ON a.author = b.uid LEFT JOIN emlog_sort c ON a.sortid = c.sid  LIMIT 1   [ RunTime:0.0260s ]
SQL: SELECT a.gid,a.title,a.content,a.excerpt,FROM_UNIXTIME(a.date,"%Y-%m-%d %H:%i:%S") as date,a.type,a.comnum,a.views,a.top,b.nickname,c.sortname FROM emlog_blog a LEFT JOIN emlog_user b ON a.author = b.uid LEFT JOIN emlog_sort c ON a.sortid = c.sid  ORDER BY top desc, date desc LIMIT 0,10   [ RunTime:0.0080s ]
INFO: [ view_parse ] --START--
INFO: [ template_filter ] --START--
INFO: Run Behavior\ContentReplaceBehavior [ RunTime:0.000000s ]
INFO: [ template_filter ] --END-- [ RunTime:0.000000s ]
INFO: Run Behavior\ParseTemplateBehavior [ RunTime:0.057003s ]
INFO: [ view_parse ] --END-- [ RunTime:0.057003s ]
INFO: [ view_filter ] --START--
INFO: Run Behavior\WriteHtmlCacheBehavior [ RunTime:0.007001s ]
INFO: Run Behavior\TokenBuildBehavior [ RunTime:0.014000s ]
INFO: [ view_filter ] --END-- [ RunTime:0.021001s ]
INFO: [ app_end ] --START--
INFO: Run Behavior\ShowPageTraceBehavior [ RunTime:0.006001s ]
INFO: [ app_end ] --END-- [ RunTime:0.007001s ]

[ 2017-07-03T13:47:34+08:00 ] 10.10.9.234 /
INFO: [ app_init ] --START--
INFO: Run Behavior\BuildLiteBehavior [ RunTime:0.000000s ]
INFO: [ app_init ] --END-- [ RunTime:0.000000s ]
INFO: [ app_begin ] --START--
INFO: Run Behavior\ReadHtmlCacheBehavior [ RunTime:0.000000s ]
INFO: [ app_begin ] --END-- [ RunTime:0.000000s ]
NOTIC: [8] A session had already been started - ignoring session_start() E:\www\xuan\ThinkPHP\Common\functions.php 第 1263 行.
SQL: SHOW COLUMNS FROM `emlog_options` [ RunTime:0.0190s ]
SQL: SELECT * FROM `emlog_options`  [ RunTime:0.0000s ]
SQL: SHOW COLUMNS FROM `emlog_blog` [ RunTime:0.0010s ]
SQL: SELECT `gid`,`title` FROM `emlog_blog` ORDER BY date desc LIMIT 8   [ RunTime:0.0010s ]
SQL: SHOW COLUMNS FROM `emlog_comment` [ RunTime:0.0000s ]
SQL: SELECT `gid`,`comment`,`poster` FROM `emlog_comment` ORDER BY date desc LIMIT 6   [ RunTime:0.0000s ]
SQL: SHOW COLUMNS FROM `emlog_link` [ RunTime:0.0010s ]
SQL: SELECT `sitename`,`siteurl`,`description` FROM `emlog_link` WHERE ( hide='n' ) ORDER BY taxis asc LIMIT 6   [ RunTime:0.0000s ]
SQL: SELECT COUNT(*) AS tp_count FROM emlog_blog a LEFT JOIN emlog_user b ON a.author = b.uid LEFT JOIN emlog_sort c ON a.sortid = c.sid  LIMIT 1   [ RunTime:0.0030s ]
SQL: SELECT a.gid,a.title,a.content,a.excerpt,FROM_UNIXTIME(a.date,"%Y-%m-%d %H:%i:%S") as date,a.type,a.comnum,a.views,a.top,b.nickname,c.sortname FROM emlog_blog a LEFT JOIN emlog_user b ON a.author = b.uid LEFT JOIN emlog_sort c ON a.sortid = c.sid  ORDER BY top desc, date desc LIMIT 0,10   [ RunTime:0.0090s ]
INFO: [ view_parse ] --START--
INFO: [ template_filter ] --START--
INFO: Run Behavior\ContentReplaceBehavior [ RunTime:0.000000s ]
INFO: [ template_filter ] --END-- [ RunTime:0.000000s ]
INFO: Run Behavior\ParseTemplateBehavior [ RunTime:0.007000s ]
INFO: [ view_parse ] --END-- [ RunTime:0.007000s ]
INFO: [ view_filter ] --START--
INFO: Run Behavior\WriteHtmlCacheBehavior [ RunTime:0.000000s ]
INFO: Run Behavior\TokenBuildBehavior [ RunTime:0.006001s ]
INFO: [ view_filter ] --END-- [ RunTime:0.006001s ]
INFO: [ app_end ] --START--
INFO: Run Behavior\ShowPageTraceBehavior [ RunTime:0.000000s ]
INFO: [ app_end ] --END-- [ RunTime:0.000000s ]

[ 2017-07-03T14:35:29+08:00 ] 10.10.9.234 /
INFO: [ app_init ] --START--
INFO: Run Behavior\BuildLiteBehavior [ RunTime:0.000000s ]
INFO: [ app_init ] --END-- [ RunTime:0.001000s ]
INFO: [ app_begin ] --START--
INFO: Run Behavior\ReadHtmlCacheBehavior [ RunTime:0.000000s ]
INFO: [ app_begin ] --END-- [ RunTime:0.000000s ]
NOTIC: [8] A session had already been started - ignoring session_start() E:\www\xuan\ThinkPHP\Common\functions.php 第 1263 行.
SQL: SHOW COLUMNS FROM `emlog_options` [ RunTime:0.0010s ]
SQL: SELECT * FROM `emlog_options`  [ RunTime:0.0010s ]
SQL: SHOW COLUMNS FROM `emlog_blog` [ RunTime:0.0010s ]
SQL: SELECT `gid`,`title` FROM `emlog_blog` ORDER BY date desc LIMIT 8   [ RunTime:0.0000s ]
SQL: SHOW COLUMNS FROM `emlog_comment` [ RunTime:0.0010s ]
SQL: SELECT `gid`,`comment`,`poster` FROM `emlog_comment` ORDER BY date desc LIMIT 6   [ RunTime:0.0010s ]
SQL: SHOW COLUMNS FROM `emlog_link` [ RunTime:0.0000s ]
SQL: SELECT `sitename`,`siteurl`,`description` FROM `emlog_link` WHERE ( hide='n' ) ORDER BY taxis asc LIMIT 6   [ RunTime:0.0010s ]
SQL: SELECT COUNT(*) AS tp_count FROM emlog_blog a LEFT JOIN emlog_user b ON a.author = b.uid LEFT JOIN emlog_sort c ON a.sortid = c.sid  LIMIT 1   [ RunTime:0.0020s ]
SQL: SELECT a.gid,a.title,a.content,a.excerpt,FROM_UNIXTIME(a.date,"%Y-%m-%d %H:%i:%S") as date,a.type,a.comnum,a.views,a.top,b.nickname,c.sortname FROM emlog_blog a LEFT JOIN emlog_user b ON a.author = b.uid LEFT JOIN emlog_sort c ON a.sortid = c.sid  ORDER BY top desc, date desc LIMIT 0,10   [ RunTime:0.0070s ]
INFO: [ view_parse ] --START--
INFO: [ template_filter ] --START--
INFO: Run Behavior\ContentReplaceBehavior [ RunTime:0.000000s ]
INFO: [ template_filter ] --END-- [ RunTime:0.000000s ]
INFO: Run Behavior\ParseTemplateBehavior [ RunTime:0.006000s ]
INFO: [ view_parse ] --END-- [ RunTime:0.006000s ]
INFO: [ view_filter ] --START--
INFO: Run Behavior\WriteHtmlCacheBehavior [ RunTime:0.000000s ]
INFO: Run Behavior\TokenBuildBehavior [ RunTime:0.005001s ]
INFO: [ view_filter ] --END-- [ RunTime:0.005001s ]
INFO: [ app_end ] --START--
INFO: Run Behavior\ShowPageTraceBehavior [ RunTime:0.001000s ]
INFO: [ app_end ] --END-- [ RunTime:0.001000s ]

[ 2017-07-03T15:24:25+08:00 ] 10.10.9.234 /
INFO: [ app_init ] --START--
INFO: Run Behavior\BuildLiteBehavior [ RunTime:0.000000s ]
INFO: [ app_init ] --END-- [ RunTime:0.000000s ]
INFO: [ app_begin ] --START--
INFO: Run Behavior\ReadHtmlCacheBehavior [ RunTime:0.001000s ]
INFO: [ app_begin ] --END-- [ RunTime:0.001000s ]
NOTIC: [8] A session had already been started - ignoring session_start() E:\www\xuan\ThinkPHP\Common\functions.php 第 1263 行.
SQL: SHOW COLUMNS FROM `emlog_options` [ RunTime:0.0170s ]
SQL: SELECT * FROM `emlog_options`  [ RunTime:0.0010s ]
SQL: SHOW COLUMNS FROM `emlog_blog` [ RunTime:0.0010s ]
SQL: SELECT `gid`,`title` FROM `emlog_blog` ORDER BY date desc LIMIT 8   [ RunTime:0.0000s ]
SQL: SHOW COLUMNS FROM `emlog_comment` [ RunTime:0.0000s ]
SQL: SELECT `gid`,`comment`,`poster` FROM `emlog_comment` ORDER BY date desc LIMIT 6   [ RunTime:0.0000s ]
SQL: SHOW COLUMNS FROM `emlog_link` [ RunTime:0.0010s ]
SQL: SELECT `sitename`,`siteurl`,`description` FROM `emlog_link` WHERE ( hide='n' ) ORDER BY taxis asc LIMIT 6   [ RunTime:0.0000s ]
SQL: SELECT COUNT(*) AS tp_count FROM emlog_blog a LEFT JOIN emlog_user b ON a.author = b.uid LEFT JOIN emlog_sort c ON a.sortid = c.sid  LIMIT 1   [ RunTime:0.0030s ]
SQL: SELECT a.gid,a.title,a.content,a.excerpt,FROM_UNIXTIME(a.date,"%Y-%m-%d %H:%i:%S") as date,a.type,a.comnum,a.views,a.top,b.nickname,c.sortname FROM emlog_blog a LEFT JOIN emlog_user b ON a.author = b.uid LEFT JOIN emlog_sort c ON a.sortid = c.sid  ORDER BY top desc, date desc LIMIT 0,10   [ RunTime:0.0080s ]
INFO: [ view_parse ] --START--
INFO: [ template_filter ] --START--
INFO: Run Behavior\ContentReplaceBehavior [ RunTime:0.000000s ]
INFO: [ template_filter ] --END-- [ RunTime:0.000000s ]
INFO: Run Behavior\ParseTemplateBehavior [ RunTime:0.006000s ]
INFO: [ view_parse ] --END-- [ RunTime:0.006000s ]
INFO: [ view_filter ] --START--
INFO: Run Behavior\WriteHtmlCacheBehavior [ RunTime:0.000000s ]
INFO: Run Behavior\TokenBuildBehavior [ RunTime:0.006000s ]
INFO: [ view_filter ] --END-- [ RunTime:0.006000s ]
INFO: [ app_end ] --START--
INFO: Run Behavior\ShowPageTraceBehavior [ RunTime:0.001000s ]
INFO: [ app_end ] --END-- [ RunTime:0.001000s ]

[ 2017-07-03T16:17:18+08:00 ] 10.10.9.234 /
INFO: [ app_init ] --START--
INFO: Run Behavior\BuildLiteBehavior [ RunTime:0.000000s ]
INFO: [ app_init ] --END-- [ RunTime:0.000000s ]
INFO: [ app_begin ] --START--
INFO: Run Behavior\ReadHtmlCacheBehavior [ RunTime:0.001000s ]
INFO: [ app_begin ] --END-- [ RunTime:0.001000s ]
NOTIC: [8] A session had already been started - ignoring session_start() E:\www\xuan\ThinkPHP\Common\functions.php 第 1263 行.
SQL: SHOW COLUMNS FROM `emlog_options` [ RunTime:0.0340s ]
SQL: SELECT * FROM `emlog_options`  [ RunTime:0.0010s ]
SQL: SHOW COLUMNS FROM `emlog_blog` [ RunTime:0.0110s ]
SQL: SELECT `gid`,`title` FROM `emlog_blog` ORDER BY date desc LIMIT 8   [ RunTime:0.0010s ]
SQL: SHOW COLUMNS FROM `emlog_comment` [ RunTime:0.0010s ]
SQL: SELECT `gid`,`comment`,`poster` FROM `emlog_comment` ORDER BY date desc LIMIT 6   [ RunTime:0.0000s ]
SQL: SHOW COLUMNS FROM `emlog_link` [ RunTime:0.0020s ]
SQL: SELECT `sitename`,`siteurl`,`description` FROM `emlog_link` WHERE ( hide='n' ) ORDER BY taxis asc LIMIT 6   [ RunTime:0.0010s ]
SQL: SELECT COUNT(*) AS tp_count FROM emlog_blog a LEFT JOIN emlog_user b ON a.author = b.uid LEFT JOIN emlog_sort c ON a.sortid = c.sid  LIMIT 1   [ RunTime:0.0040s ]
SQL: SELECT a.gid,a.title,a.content,a.excerpt,FROM_UNIXTIME(a.date,"%Y-%m-%d %H:%i:%S") as date,a.type,a.comnum,a.views,a.top,b.nickname,c.sortname FROM emlog_blog a LEFT JOIN emlog_user b ON a.author = b.uid LEFT JOIN emlog_sort c ON a.sortid = c.sid  ORDER BY top desc, date desc LIMIT 0,10   [ RunTime:0.0500s ]
INFO: [ view_parse ] --START--
INFO: [ template_filter ] --START--
INFO: Run Behavior\ContentReplaceBehavior [ RunTime:0.000000s ]
INFO: [ template_filter ] --END-- [ RunTime:0.000000s ]
INFO: Run Behavior\ParseTemplateBehavior [ RunTime:0.010001s ]
INFO: [ view_parse ] --END-- [ RunTime:0.010001s ]
INFO: [ view_filter ] --START--
INFO: Run Behavior\WriteHtmlCacheBehavior [ RunTime:0.000000s ]
INFO: Run Behavior\TokenBuildBehavior [ RunTime:0.008000s ]
INFO: [ view_filter ] --END-- [ RunTime:0.009000s ]
INFO: [ app_end ] --START--
INFO: Run Behavior\ShowPageTraceBehavior [ RunTime:0.001001s ]
INFO: [ app_end ] --END-- [ RunTime:0.001001s ]

[ 2017-07-03T16:57:12+08:00 ] 127.0.0.1 /
INFO: [ app_init ] --START--
INFO: Run Behavior\BuildLiteBehavior [ RunTime:0.000000s ]
INFO: [ app_init ] --END-- [ RunTime:0.001000s ]
INFO: [ app_begin ] --START--
INFO: Run Behavior\ReadHtmlCacheBehavior [ RunTime:0.000000s ]
INFO: [ app_begin ] --END-- [ RunTime:0.000000s ]
NOTIC: [8] A session had already been started - ignoring session_start() E:\www\xuan\ThinkPHP\Common\functions.php 第 1263 行.
SQL: SHOW COLUMNS FROM `emlog_options` [ RunTime:0.5410s ]
SQL: SELECT * FROM `emlog_options`  [ RunTime:0.0000s ]
SQL: SHOW COLUMNS FROM `emlog_blog` [ RunTime:0.1660s ]
SQL: SELECT `gid`,`title` FROM `emlog_blog` ORDER BY date desc LIMIT 8   [ RunTime:0.0010s ]
SQL: SHOW COLUMNS FROM `emlog_comment` [ RunTime:0.0010s ]
SQL: SELECT `gid`,`comment`,`poster` FROM `emlog_comment` ORDER BY date desc LIMIT 6   [ RunTime:0.0010s ]
SQL: SHOW COLUMNS FROM `emlog_link` [ RunTime:0.0020s ]
SQL: SELECT `sitename`,`siteurl`,`description` FROM `emlog_link` WHERE ( hide='n' ) ORDER BY taxis asc LIMIT 6   [ RunTime:0.0000s ]
SQL: SELECT COUNT(*) AS tp_count FROM emlog_blog a LEFT JOIN emlog_user b ON a.author = b.uid LEFT JOIN emlog_sort c ON a.sortid = c.sid  LIMIT 1   [ RunTime:0.0040s ]
SQL: SELECT a.gid,a.title,a.content,a.excerpt,FROM_UNIXTIME(a.date,"%Y-%m-%d %H:%i:%S") as date,a.type,a.comnum,a.views,a.top,b.nickname,c.sortname FROM emlog_blog a LEFT JOIN emlog_user b ON a.author = b.uid LEFT JOIN emlog_sort c ON a.sortid = c.sid  ORDER BY top desc, date desc LIMIT 0,10   [ RunTime:0.3210s ]
INFO: [ view_parse ] --START--
INFO: [ template_filter ] --START--
INFO: Run Behavior\ContentReplaceBehavior [ RunTime:0.000000s ]
INFO: [ template_filter ] --END-- [ RunTime:0.000000s ]
INFO: Run Behavior\ParseTemplateBehavior [ RunTime:0.008000s ]
INFO: [ view_parse ] --END-- [ RunTime:0.008000s ]
INFO: [ view_filter ] --START--
INFO: Run Behavior\WriteHtmlCacheBehavior [ RunTime:0.000000s ]
INFO: Run Behavior\TokenBuildBehavior [ RunTime:0.007000s ]
INFO: [ view_filter ] --END-- [ RunTime:0.007000s ]
INFO: [ app_end ] --START--
INFO: Run Behavior\ShowPageTraceBehavior [ RunTime:0.001000s ]
INFO: [ app_end ] --END-- [ RunTime:0.001000s ]

[ 2017-07-03T17:06:44+08:00 ] 10.10.9.234 /
INFO: [ app_init ] --START--
INFO: Run Behavior\BuildLiteBehavior [ RunTime:0.000000s ]
INFO: [ app_init ] --END-- [ RunTime:0.000000s ]
INFO: [ app_begin ] --START--
INFO: Run Behavior\ReadHtmlCacheBehavior [ RunTime:0.001000s ]
INFO: [ app_begin ] --END-- [ RunTime:0.001000s ]
NOTIC: [8] A session had already been started - ignoring session_start() E:\www\xuan\ThinkPHP\Common\functions.php 第 1263 行.
SQL: SHOW COLUMNS FROM `emlog_options` [ RunTime:0.0250s ]
SQL: SELECT * FROM `emlog_options`  [ RunTime:0.0010s ]
SQL: SHOW COLUMNS FROM `emlog_blog` [ RunTime:0.0120s ]
SQL: SELECT `gid`,`title` FROM `emlog_blog` ORDER BY date desc LIMIT 8   [ RunTime:0.0050s ]
SQL: SHOW COLUMNS FROM `emlog_comment` [ RunTime:0.0010s ]
SQL: SELECT `gid`,`comment`,`poster` FROM `emlog_comment` ORDER BY date desc LIMIT 6   [ RunTime:0.0000s ]
SQL: SHOW COLUMNS FROM `emlog_link` [ RunTime:0.0100s ]
SQL: SELECT `sitename`,`siteurl`,`description` FROM `emlog_link` WHERE ( hide='n' ) ORDER BY taxis asc LIMIT 6   [ RunTime:0.0090s ]
SQL: SELECT COUNT(*) AS tp_count FROM emlog_blog a LEFT JOIN emlog_user b ON a.author = b.uid LEFT JOIN emlog_sort c ON a.sortid = c.sid  LIMIT 1   [ RunTime:0.0030s ]
SQL: SELECT a.gid,a.title,a.content,a.excerpt,FROM_UNIXTIME(a.date,"%Y-%m-%d %H:%i:%S") as date,a.type,a.comnum,a.views,a.top,b.nickname,c.sortname FROM emlog_blog a LEFT JOIN emlog_user b ON a.author = b.uid LEFT JOIN emlog_sort c ON a.sortid = c.sid  ORDER BY top desc, date desc LIMIT 0,10   [ RunTime:0.0120s ]
INFO: [ view_parse ] --START--
INFO: [ template_filter ] --START--
INFO: Run Behavior\ContentReplaceBehavior [ RunTime:0.000000s ]
INFO: [ template_filter ] --END-- [ RunTime:0.000000s ]
INFO: Run Behavior\ParseTemplateBehavior [ RunTime:0.007001s ]
INFO: [ view_parse ] --END-- [ RunTime:0.007001s ]
INFO: [ view_filter ] --START--
INFO: Run Behavior\WriteHtmlCacheBehavior [ RunTime:0.001000s ]
INFO: Run Behavior\TokenBuildBehavior [ RunTime:0.008000s ]
INFO: [ view_filter ] --END-- [ RunTime:0.009000s ]
INFO: [ app_end ] --START--
INFO: Run Behavior\ShowPageTraceBehavior [ RunTime:0.001000s ]
INFO: [ app_end ] --END-- [ RunTime:0.001000s ]

[ 2017-07-03T17:56:18+08:00 ] 10.10.9.234 /
INFO: [ app_init ] --START--
INFO: Run Behavior\BuildLiteBehavior [ RunTime:0.000000s ]
INFO: [ app_init ] --END-- [ RunTime:0.000000s ]
INFO: [ app_begin ] --START--
INFO: Run Behavior\ReadHtmlCacheBehavior [ RunTime:0.000000s ]
INFO: [ app_begin ] --END-- [ RunTime:0.000000s ]
NOTIC: [8] A session had already been started - ignoring session_start() E:\www\xuan\ThinkPHP\Common\functions.php 第 1263 行.
SQL: SHOW COLUMNS FROM `emlog_options` [ RunTime:0.0430s ]
SQL: SELECT * FROM `emlog_options`  [ RunTime:0.0000s ]
SQL: SHOW COLUMNS FROM `emlog_blog` [ RunTime:0.0000s ]
SQL: SELECT `gid`,`title` FROM `emlog_blog` ORDER BY date desc LIMIT 8   [ RunTime:0.0010s ]
SQL: SHOW COLUMNS FROM `emlog_comment` [ RunTime:0.0000s ]
SQL: SELECT `gid`,`comment`,`poster` FROM `emlog_comment` ORDER BY date desc LIMIT 6   [ RunTime:0.0000s ]
SQL: SHOW COLUMNS FROM `emlog_link` [ RunTime:0.0010s ]
SQL: SELECT `sitename`,`siteurl`,`description` FROM `emlog_link` WHERE ( hide='n' ) ORDER BY taxis asc LIMIT 6   [ RunTime:0.0000s ]
SQL: SELECT COUNT(*) AS tp_count FROM emlog_blog a LEFT JOIN emlog_user b ON a.author = b.uid LEFT JOIN emlog_sort c ON a.sortid = c.sid  LIMIT 1   [ RunTime:0.0020s ]
SQL: SELECT a.gid,a.title,a.content,a.excerpt,FROM_UNIXTIME(a.date,"%Y-%m-%d %H:%i:%S") as date,a.type,a.comnum,a.views,a.top,b.nickname,c.sortname FROM emlog_blog a LEFT JOIN emlog_user b ON a.author = b.uid LEFT JOIN emlog_sort c ON a.sortid = c.sid  ORDER BY top desc, date desc LIMIT 0,10   [ RunTime:0.0070s ]
INFO: [ view_parse ] --START--
INFO: [ template_filter ] --START--
INFO: Run Behavior\ContentReplaceBehavior [ RunTime:0.000000s ]
INFO: [ template_filter ] --END-- [ RunTime:0.000000s ]
INFO: Run Behavior\ParseTemplateBehavior [ RunTime:0.006000s ]
INFO: [ view_parse ] --END-- [ RunTime:0.006000s ]
INFO: [ view_filter ] --START--
INFO: Run Behavior\WriteHtmlCacheBehavior [ RunTime:0.001000s ]
INFO: Run Behavior\TokenBuildBehavior [ RunTime:0.005000s ]
INFO: [ view_filter ] --END-- [ RunTime:0.006000s ]
INFO: [ app_end ] --START--
INFO: Run Behavior\ShowPageTraceBehavior [ RunTime:0.001000s ]
INFO: [ app_end ] --END-- [ RunTime:0.001000s ]

