[ 2017-04-27T14:22:23+08:00 ] 10.10.0.48 /adc
INFO: [ app_init ] --START--
INFO: Run Behavior\BuildLiteBehavior [ RunTime:0.000000s ]
INFO: [ app_init ] --END-- [ RunTime:0.000000s ]
INFO: [ app_begin ] --START--
INFO: Run Behavior\ReadHtmlCacheBehavior [ RunTime:0.000000s ]
INFO: [ app_begin ] --END-- [ RunTime:0.000000s ]
NOTIC: [8] A session had already been started - ignoring session_start() E:\www\xuan\ThinkPHP\Common\functions.php 第 1263 行.

[ 2017-04-27T14:22:24+08:00 ] 10.10.0.48 /index.php/adc/login/index.html
INFO: [ app_init ] --START--
INFO: Run Behavior\BuildLiteBehavior [ RunTime:0.000000s ]
INFO: [ app_init ] --END-- [ RunTime:0.000000s ]
INFO: [ app_begin ] --START--
INFO: Run Behavior\ReadHtmlCacheBehavior [ RunTime:0.000000s ]
INFO: [ app_begin ] --END-- [ RunTime:0.000000s ]
NOTIC: [8] A session had already been started - ignoring session_start() E:\www\xuan\ThinkPHP\Common\functions.php 第 1263 行.
INFO: [ view_parse ] --START--
INFO: [ template_filter ] --START--
INFO: Run Behavior\ContentReplaceBehavior [ RunTime:0.001000s ]
INFO: [ template_filter ] --END-- [ RunTime:0.001000s ]
INFO: Run Behavior\ParseTemplateBehavior [ RunTime:0.091005s ]
INFO: [ view_parse ] --END-- [ RunTime:0.091005s ]
INFO: [ view_filter ] --START--
INFO: Run Behavior\WriteHtmlCacheBehavior [ RunTime:0.000000s ]
INFO: Run Behavior\TokenBuildBehavior [ RunTime:0.001000s ]
INFO: [ view_filter ] --END-- [ RunTime:0.001000s ]
INFO: [ app_end ] --START--
INFO: Run Behavior\ShowPageTraceBehavior [ RunTime:0.000000s ]
INFO: [ app_end ] --END-- [ RunTime:0.000000s ]

[ 2017-04-27T14:22:33+08:00 ] 10.10.0.48 /adc/login/checkLogin
INFO: [ app_init ] --START--
INFO: Run Behavior\BuildLiteBehavior [ RunTime:0.000000s ]
INFO: [ app_init ] --END-- [ RunTime:0.001000s ]
INFO: [ app_begin ] --START--
INFO: Run Behavior\ReadHtmlCacheBehavior [ RunTime:0.001000s ]
INFO: [ app_begin ] --END-- [ RunTime:0.001000s ]
NOTIC: [8] A session had already been started - ignoring session_start() E:\www\xuan\ThinkPHP\Common\functions.php 第 1263 行.
SQL: SHOW COLUMNS FROM `emlog_user` [ RunTime:1.5151s ]
SQL: SELECT * FROM `emlog_user` WHERE ( username ='aaa' ) LIMIT 1   [ RunTime:0.1220s ]
NOTIC: [8] Use of undefined constant username - assumed 'username' E:\www\xuan\App\Adc\Controller\LoginController.class.php 第 28 行.
NOTIC: [8] Use of undefined constant password - assumed 'password' E:\www\xuan\App\Adc\Controller\LoginController.class.php 第 29 行.

[ 2017-04-27T14:22:33+08:00 ] 10.10.0.48 /adc/login/checkLogin
INFO: [ app_init ] --START--
INFO: Run Behavior\BuildLiteBehavior [ RunTime:0.000000s ]
INFO: [ app_init ] --END-- [ RunTime:0.000000s ]
INFO: [ app_begin ] --START--
INFO: Run Behavior\ReadHtmlCacheBehavior [ RunTime:0.001000s ]
INFO: [ app_begin ] --END-- [ RunTime:0.001000s ]
NOTIC: [8] A session had already been started - ignoring session_start() E:\www\xuan\ThinkPHP\Common\functions.php 第 1263 行.
SQL: SHOW COLUMNS FROM `emlog_user` [ RunTime:0.0080s ]
SQL: SELECT * FROM `emlog_user` WHERE ( username ='aaa' ) LIMIT 1   [ RunTime:0.0000s ]
NOTIC: [8] Use of undefined constant username - assumed 'username' E:\www\xuan\App\Adc\Controller\LoginController.class.php 第 28 行.
NOTIC: [8] Use of undefined constant password - assumed 'password' E:\www\xuan\App\Adc\Controller\LoginController.class.php 第 29 行.

[ 2017-04-27T14:22:33+08:00 ] 10.10.0.48 /adc/login/checkLogin
INFO: [ app_init ] --START--
INFO: Run Behavior\BuildLiteBehavior [ RunTime:0.000000s ]
INFO: [ app_init ] --END-- [ RunTime:0.001000s ]
INFO: [ app_begin ] --START--
INFO: Run Behavior\ReadHtmlCacheBehavior [ RunTime:0.000000s ]
INFO: [ app_begin ] --END-- [ RunTime:0.000000s ]
NOTIC: [8] A session had already been started - ignoring session_start() E:\www\xuan\ThinkPHP\Common\functions.php 第 1263 行.
SQL: SHOW COLUMNS FROM `emlog_user` [ RunTime:0.0060s ]
SQL: SELECT * FROM `emlog_user` WHERE ( username ='aaa' ) LIMIT 1   [ RunTime:0.0000s ]
NOTIC: [8] Use of undefined constant username - assumed 'username' E:\www\xuan\App\Adc\Controller\LoginController.class.php 第 28 行.
NOTIC: [8] Use of undefined constant password - assumed 'password' E:\www\xuan\App\Adc\Controller\LoginController.class.php 第 29 行.

[ 2017-04-27T14:22:33+08:00 ] 10.10.0.48 /adc/login/checkLogin
INFO: [ app_init ] --START--
INFO: Run Behavior\BuildLiteBehavior [ RunTime:0.000000s ]
INFO: [ app_init ] --END-- [ RunTime:0.000000s ]
INFO: [ app_begin ] --START--
INFO: Run Behavior\ReadHtmlCacheBehavior [ RunTime:0.000000s ]
INFO: [ app_begin ] --END-- [ RunTime:0.000000s ]
NOTIC: [8] A session had already been started - ignoring session_start() E:\www\xuan\ThinkPHP\Common\functions.php 第 1263 行.
SQL: SHOW COLUMNS FROM `emlog_user` [ RunTime:0.0070s ]
SQL: SELECT * FROM `emlog_user` WHERE ( username ='aaa' ) LIMIT 1   [ RunTime:0.0000s ]
NOTIC: [8] Use of undefined constant username - assumed 'username' E:\www\xuan\App\Adc\Controller\LoginController.class.php 第 28 行.
NOTIC: [8] Use of undefined constant password - assumed 'password' E:\www\xuan\App\Adc\Controller\LoginController.class.php 第 29 行.

[ 2017-04-27T14:22:33+08:00 ] 10.10.0.48 /adc/index/index
INFO: [ app_init ] --START--
INFO: Run Behavior\BuildLiteBehavior [ RunTime:0.000000s ]
INFO: [ app_init ] --END-- [ RunTime:0.001000s ]
INFO: [ app_begin ] --START--
INFO: Run Behavior\ReadHtmlCacheBehavior [ RunTime:0.000000s ]
INFO: [ app_begin ] --END-- [ RunTime:0.001000s ]
NOTIC: [8] A session had already been started - ignoring session_start() E:\www\xuan\ThinkPHP\Common\functions.php 第 1263 行.
SQL: SHOW COLUMNS FROM `emlog_blog` [ RunTime:0.0350s ]
SQL: SELECT COUNT(*) AS tp_count FROM `emlog_blog` LIMIT 1   [ RunTime:0.0230s ]
SQL: SHOW COLUMNS FROM `emlog_comment` [ RunTime:0.0480s ]
SQL: SELECT COUNT(*) AS tp_count FROM `emlog_comment` LIMIT 1   [ RunTime:0.0000s ]
SQL: SHOW COLUMNS FROM `emlog_user` [ RunTime:0.0110s ]
SQL: SELECT COUNT(*) AS tp_count FROM `emlog_user` LIMIT 1   [ RunTime:0.0000s ]
INFO: [ view_parse ] --START--
INFO: [ template_filter ] --START--
INFO: Run Behavior\ContentReplaceBehavior [ RunTime:0.000000s ]
INFO: [ template_filter ] --END-- [ RunTime:0.000000s ]
INFO: Run Behavior\ParseTemplateBehavior [ RunTime:0.043003s ]
INFO: [ view_parse ] --END-- [ RunTime:0.043003s ]
INFO: [ view_filter ] --START--
INFO: Run Behavior\WriteHtmlCacheBehavior [ RunTime:0.000000s ]
INFO: Run Behavior\TokenBuildBehavior [ RunTime:0.001000s ]
INFO: [ view_filter ] --END-- [ RunTime:0.001000s ]
INFO: [ app_end ] --START--
INFO: Run Behavior\ShowPageTraceBehavior [ RunTime:0.000000s ]
INFO: [ app_end ] --END-- [ RunTime:0.000000s ]

[ 2017-04-27T14:22:33+08:00 ] 10.10.0.48 /adc/index/index
INFO: [ app_init ] --START--
INFO: Run Behavior\BuildLiteBehavior [ RunTime:0.000000s ]
INFO: [ app_init ] --END-- [ RunTime:0.000000s ]
INFO: [ app_begin ] --START--
INFO: Run Behavior\ReadHtmlCacheBehavior [ RunTime:0.001000s ]
INFO: [ app_begin ] --END-- [ RunTime:0.001000s ]
NOTIC: [8] A session had already been started - ignoring session_start() E:\www\xuan\ThinkPHP\Common\functions.php 第 1263 行.
SQL: SHOW COLUMNS FROM `emlog_blog` [ RunTime:0.0010s ]
SQL: SELECT COUNT(*) AS tp_count FROM `emlog_blog` LIMIT 1   [ RunTime:0.0010s ]
SQL: SHOW COLUMNS FROM `emlog_comment` [ RunTime:0.0010s ]
SQL: SELECT COUNT(*) AS tp_count FROM `emlog_comment` LIMIT 1   [ RunTime:0.0000s ]
SQL: SHOW COLUMNS FROM `emlog_user` [ RunTime:0.0010s ]
SQL: SELECT COUNT(*) AS tp_count FROM `emlog_user` LIMIT 1   [ RunTime:0.0000s ]
INFO: [ view_parse ] --START--
INFO: [ template_filter ] --START--
INFO: Run Behavior\ContentReplaceBehavior [ RunTime:0.000000s ]
INFO: [ template_filter ] --END-- [ RunTime:0.000000s ]
INFO: Run Behavior\ParseTemplateBehavior [ RunTime:0.006000s ]
INFO: [ view_parse ] --END-- [ RunTime:0.006000s ]
INFO: [ view_filter ] --START--
INFO: Run Behavior\WriteHtmlCacheBehavior [ RunTime:0.000000s ]
INFO: Run Behavior\TokenBuildBehavior [ RunTime:0.001000s ]
INFO: [ view_filter ] --END-- [ RunTime:0.001000s ]
INFO: [ app_end ] --START--
INFO: Run Behavior\ShowPageTraceBehavior [ RunTime:0.000000s ]
INFO: [ app_end ] --END-- [ RunTime:0.000000s ]

[ 2017-04-27T14:22:33+08:00 ] 10.10.0.48 /adc/login/checkLogin
INFO: [ app_init ] --START--
INFO: Run Behavior\BuildLiteBehavior [ RunTime:0.000000s ]
INFO: [ app_init ] --END-- [ RunTime:0.001000s ]
INFO: [ app_begin ] --START--
INFO: Run Behavior\ReadHtmlCacheBehavior [ RunTime:0.000000s ]
INFO: [ app_begin ] --END-- [ RunTime:0.000000s ]
NOTIC: [8] A session had already been started - ignoring session_start() E:\www\xuan\ThinkPHP\Common\functions.php 第 1263 行.
SQL: SHOW COLUMNS FROM `emlog_user` [ RunTime:0.0390s ]
SQL: SELECT * FROM `emlog_user` WHERE ( username ='aaa' ) LIMIT 1   [ RunTime:0.0010s ]
NOTIC: [8] Use of undefined constant username - assumed 'username' E:\www\xuan\App\Adc\Controller\LoginController.class.php 第 28 行.
NOTIC: [8] Use of undefined constant password - assumed 'password' E:\www\xuan\App\Adc\Controller\LoginController.class.php 第 29 行.

[ 2017-04-27T14:22:34+08:00 ] 10.10.0.48 /adc/index/index
INFO: [ app_init ] --START--
INFO: Run Behavior\BuildLiteBehavior [ RunTime:0.000000s ]
INFO: [ app_init ] --END-- [ RunTime:0.000000s ]
INFO: [ app_begin ] --START--
INFO: Run Behavior\ReadHtmlCacheBehavior [ RunTime:0.000000s ]
INFO: [ app_begin ] --END-- [ RunTime:0.000000s ]
NOTIC: [8] A session had already been started - ignoring session_start() E:\www\xuan\ThinkPHP\Common\functions.php 第 1263 行.
SQL: SHOW COLUMNS FROM `emlog_blog` [ RunTime:0.0130s ]
SQL: SELECT COUNT(*) AS tp_count FROM `emlog_blog` LIMIT 1   [ RunTime:0.0010s ]
SQL: SHOW COLUMNS FROM `emlog_comment` [ RunTime:0.0090s ]
SQL: SELECT COUNT(*) AS tp_count FROM `emlog_comment` LIMIT 1   [ RunTime:0.0000s ]
SQL: SHOW COLUMNS FROM `emlog_user` [ RunTime:0.0020s ]
SQL: SELECT COUNT(*) AS tp_count FROM `emlog_user` LIMIT 1   [ RunTime:0.0000s ]
INFO: [ view_parse ] --START--
INFO: [ template_filter ] --START--
INFO: Run Behavior\ContentReplaceBehavior [ RunTime:0.000000s ]
INFO: [ template_filter ] --END-- [ RunTime:0.000000s ]
INFO: Run Behavior\ParseTemplateBehavior [ RunTime:0.024001s ]
INFO: [ view_parse ] --END-- [ RunTime:0.024001s ]
INFO: [ view_filter ] --START--
INFO: Run Behavior\WriteHtmlCacheBehavior [ RunTime:0.000000s ]
INFO: Run Behavior\TokenBuildBehavior [ RunTime:0.002000s ]
INFO: [ view_filter ] --END-- [ RunTime:0.002000s ]
INFO: [ app_end ] --START--
INFO: Run Behavior\ShowPageTraceBehavior [ RunTime:0.001000s ]
INFO: [ app_end ] --END-- [ RunTime:0.001000s ]

[ 2017-04-27T14:22:34+08:00 ] 10.10.0.48 /adc/login/checkLogin
INFO: [ app_init ] --START--
INFO: Run Behavior\BuildLiteBehavior [ RunTime:0.000000s ]
INFO: [ app_init ] --END-- [ RunTime:0.000000s ]
INFO: [ app_begin ] --START--
INFO: Run Behavior\ReadHtmlCacheBehavior [ RunTime:0.001000s ]
INFO: [ app_begin ] --END-- [ RunTime:0.001000s ]
NOTIC: [8] A session had already been started - ignoring session_start() E:\www\xuan\ThinkPHP\Common\functions.php 第 1263 行.
SQL: SHOW COLUMNS FROM `emlog_user` [ RunTime:0.0050s ]
SQL: SELECT * FROM `emlog_user` WHERE ( username ='aaa' ) LIMIT 1   [ RunTime:0.0000s ]
NOTIC: [8] Use of undefined constant username - assumed 'username' E:\www\xuan\App\Adc\Controller\LoginController.class.php 第 28 行.
NOTIC: [8] Use of undefined constant password - assumed 'password' E:\www\xuan\App\Adc\Controller\LoginController.class.php 第 29 行.

[ 2017-04-27T14:22:34+08:00 ] 10.10.0.48 /adc/index/index
INFO: [ app_init ] --START--
INFO: Run Behavior\BuildLiteBehavior [ RunTime:0.000000s ]
INFO: [ app_init ] --END-- [ RunTime:0.001000s ]
INFO: [ app_begin ] --START--
INFO: Run Behavior\ReadHtmlCacheBehavior [ RunTime:0.000000s ]
INFO: [ app_begin ] --END-- [ RunTime:0.000000s ]
NOTIC: [8] A session had already been started - ignoring session_start() E:\www\xuan\ThinkPHP\Common\functions.php 第 1263 行.
SQL: SHOW COLUMNS FROM `emlog_blog` [ RunTime:0.1250s ]
SQL: SELECT COUNT(*) AS tp_count FROM `emlog_blog` LIMIT 1   [ RunTime:0.0000s ]
SQL: SHOW COLUMNS FROM `emlog_comment` [ RunTime:0.0030s ]
SQL: SELECT COUNT(*) AS tp_count FROM `emlog_comment` LIMIT 1   [ RunTime:0.0000s ]
SQL: SHOW COLUMNS FROM `emlog_user` [ RunTime:0.0010s ]
SQL: SELECT COUNT(*) AS tp_count FROM `emlog_user` LIMIT 1   [ RunTime:0.0000s ]
INFO: [ view_parse ] --START--
INFO: [ template_filter ] --START--
INFO: Run Behavior\ContentReplaceBehavior [ RunTime:0.001000s ]
INFO: [ template_filter ] --END-- [ RunTime:0.001000s ]
INFO: Run Behavior\ParseTemplateBehavior [ RunTime:0.011001s ]
INFO: [ view_parse ] --END-- [ RunTime:0.011001s ]
INFO: [ view_filter ] --START--
INFO: Run Behavior\WriteHtmlCacheBehavior [ RunTime:0.000000s ]
INFO: Run Behavior\TokenBuildBehavior [ RunTime:0.002000s ]
INFO: [ view_filter ] --END-- [ RunTime:0.002000s ]
INFO: [ app_end ] --START--
INFO: Run Behavior\ShowPageTraceBehavior [ RunTime:0.001000s ]
INFO: [ app_end ] --END-- [ RunTime:0.001000s ]

[ 2017-04-27T14:22:34+08:00 ] 10.10.0.48 /adc/index/index
INFO: [ app_init ] --START--
INFO: Run Behavior\BuildLiteBehavior [ RunTime:0.000000s ]
INFO: [ app_init ] --END-- [ RunTime:0.000000s ]
INFO: [ app_begin ] --START--
INFO: Run Behavior\ReadHtmlCacheBehavior [ RunTime:0.000000s ]
INFO: [ app_begin ] --END-- [ RunTime:0.000000s ]
NOTIC: [8] A session had already been started - ignoring session_start() E:\www\xuan\ThinkPHP\Common\functions.php 第 1263 行.
SQL: SHOW COLUMNS FROM `emlog_blog` [ RunTime:0.0550s ]
SQL: SELECT COUNT(*) AS tp_count FROM `emlog_blog` LIMIT 1   [ RunTime:0.0000s ]
SQL: SHOW COLUMNS FROM `emlog_comment` [ RunTime:0.0010s ]
SQL: SELECT COUNT(*) AS tp_count FROM `emlog_comment` LIMIT 1   [ RunTime:0.0000s ]
SQL: SHOW COLUMNS FROM `emlog_user` [ RunTime:0.0010s ]
SQL: SELECT COUNT(*) AS tp_count FROM `emlog_user` LIMIT 1   [ RunTime:0.0000s ]
INFO: [ view_parse ] --START--
INFO: [ template_filter ] --START--
INFO: Run Behavior\ContentReplaceBehavior [ RunTime:0.000000s ]
INFO: [ template_filter ] --END-- [ RunTime:0.000000s ]
INFO: Run Behavior\ParseTemplateBehavior [ RunTime:0.008000s ]
INFO: [ view_parse ] --END-- [ RunTime:0.008000s ]
INFO: [ view_filter ] --START--
INFO: Run Behavior\WriteHtmlCacheBehavior [ RunTime:0.000000s ]
INFO: Run Behavior\TokenBuildBehavior [ RunTime:0.001000s ]
INFO: [ view_filter ] --END-- [ RunTime:0.001000s ]
INFO: [ app_end ] --START--
INFO: Run Behavior\ShowPageTraceBehavior [ RunTime:0.000000s ]
INFO: [ app_end ] --END-- [ RunTime:0.001000s ]

[ 2017-04-27T14:22:35+08:00 ] 10.10.0.48 /adc/index/index
INFO: [ app_init ] --START--
INFO: Run Behavior\BuildLiteBehavior [ RunTime:0.000000s ]
INFO: [ app_init ] --END-- [ RunTime:0.001000s ]
INFO: [ app_begin ] --START--
INFO: Run Behavior\ReadHtmlCacheBehavior [ RunTime:0.000000s ]
INFO: [ app_begin ] --END-- [ RunTime:0.000000s ]
NOTIC: [8] A session had already been started - ignoring session_start() E:\www\xuan\ThinkPHP\Common\functions.php 第 1263 行.
SQL: SHOW COLUMNS FROM `emlog_blog` [ RunTime:0.1640s ]
SQL: SELECT COUNT(*) AS tp_count FROM `emlog_blog` LIMIT 1   [ RunTime:0.0000s ]
SQL: SHOW COLUMNS FROM `emlog_comment` [ RunTime:0.0010s ]
SQL: SELECT COUNT(*) AS tp_count FROM `emlog_comment` LIMIT 1   [ RunTime:0.0000s ]
SQL: SHOW COLUMNS FROM `emlog_user` [ RunTime:0.0010s ]
SQL: SELECT COUNT(*) AS tp_count FROM `emlog_user` LIMIT 1   [ RunTime:0.0010s ]
INFO: [ view_parse ] --START--
INFO: [ template_filter ] --START--
INFO: Run Behavior\ContentReplaceBehavior [ RunTime:0.000000s ]
INFO: [ template_filter ] --END-- [ RunTime:0.000000s ]
INFO: Run Behavior\ParseTemplateBehavior [ RunTime:0.007001s ]
INFO: [ view_parse ] --END-- [ RunTime:0.007001s ]
INFO: [ view_filter ] --START--
INFO: Run Behavior\WriteHtmlCacheBehavior [ RunTime:0.000000s ]
INFO: Run Behavior\TokenBuildBehavior [ RunTime:0.001000s ]
INFO: [ view_filter ] --END-- [ RunTime:0.001000s ]
INFO: [ app_end ] --START--
INFO: Run Behavior\ShowPageTraceBehavior [ RunTime:0.001000s ]
INFO: [ app_end ] --END-- [ RunTime:0.001000s ]

[ 2017-04-27T14:22:38+08:00 ] 10.10.0.48 /adc/index/index
INFO: [ app_init ] --START--
INFO: Run Behavior\BuildLiteBehavior [ RunTime:0.000000s ]
INFO: [ app_init ] --END-- [ RunTime:0.000000s ]
INFO: [ app_begin ] --START--
INFO: Run Behavior\ReadHtmlCacheBehavior [ RunTime:0.000000s ]
INFO: [ app_begin ] --END-- [ RunTime:0.000000s ]
NOTIC: [8] A session had already been started - ignoring session_start() E:\www\xuan\ThinkPHP\Common\functions.php 第 1263 行.
SQL: SHOW COLUMNS FROM `emlog_blog` [ RunTime:0.0120s ]
SQL: SELECT COUNT(*) AS tp_count FROM `emlog_blog` LIMIT 1   [ RunTime:0.0000s ]
SQL: SHOW COLUMNS FROM `emlog_comment` [ RunTime:0.0060s ]
SQL: SELECT COUNT(*) AS tp_count FROM `emlog_comment` LIMIT 1   [ RunTime:0.0000s ]
SQL: SHOW COLUMNS FROM `emlog_user` [ RunTime:0.0010s ]
SQL: SELECT COUNT(*) AS tp_count FROM `emlog_user` LIMIT 1   [ RunTime:0.0010s ]
INFO: [ view_parse ] --START--
INFO: [ template_filter ] --START--
INFO: Run Behavior\ContentReplaceBehavior [ RunTime:0.000000s ]
INFO: [ template_filter ] --END-- [ RunTime:0.000000s ]
INFO: Run Behavior\ParseTemplateBehavior [ RunTime:0.004001s ]
INFO: [ view_parse ] --END-- [ RunTime:0.004001s ]
INFO: [ view_filter ] --START--
INFO: Run Behavior\WriteHtmlCacheBehavior [ RunTime:0.001000s ]
INFO: Run Behavior\TokenBuildBehavior [ RunTime:0.000000s ]
INFO: [ view_filter ] --END-- [ RunTime:0.001000s ]
INFO: [ app_end ] --START--
INFO: Run Behavior\ShowPageTraceBehavior [ RunTime:0.000000s ]
INFO: [ app_end ] --END-- [ RunTime:0.000000s ]

[ 2017-04-27T14:22:39+08:00 ] 10.10.0.48 /adc/index/index
INFO: [ app_init ] --START--
INFO: Run Behavior\BuildLiteBehavior [ RunTime:0.000000s ]
INFO: [ app_init ] --END-- [ RunTime:0.001000s ]
INFO: [ app_begin ] --START--
INFO: Run Behavior\ReadHtmlCacheBehavior [ RunTime:0.000000s ]
INFO: [ app_begin ] --END-- [ RunTime:0.000000s ]
NOTIC: [8] A session had already been started - ignoring session_start() E:\www\xuan\ThinkPHP\Common\functions.php 第 1263 行.
SQL: SHOW COLUMNS FROM `emlog_blog` [ RunTime:0.0060s ]
SQL: SELECT COUNT(*) AS tp_count FROM `emlog_blog` LIMIT 1   [ RunTime:0.0000s ]
SQL: SHOW COLUMNS FROM `emlog_comment` [ RunTime:0.0010s ]
SQL: SELECT COUNT(*) AS tp_count FROM `emlog_comment` LIMIT 1   [ RunTime:0.0010s ]
SQL: SHOW COLUMNS FROM `emlog_user` [ RunTime:0.0010s ]
SQL: SELECT COUNT(*) AS tp_count FROM `emlog_user` LIMIT 1   [ RunTime:0.0000s ]
INFO: [ view_parse ] --START--
INFO: [ template_filter ] --START--
INFO: Run Behavior\ContentReplaceBehavior [ RunTime:0.001000s ]
INFO: [ template_filter ] --END-- [ RunTime:0.001000s ]
INFO: Run Behavior\ParseTemplateBehavior [ RunTime:0.004000s ]
INFO: [ view_parse ] --END-- [ RunTime:0.004000s ]
INFO: [ view_filter ] --START--
INFO: Run Behavior\WriteHtmlCacheBehavior [ RunTime:0.001000s ]
INFO: Run Behavior\TokenBuildBehavior [ RunTime:0.000000s ]
INFO: [ view_filter ] --END-- [ RunTime:0.001000s ]
INFO: [ app_end ] --START--
INFO: Run Behavior\ShowPageTraceBehavior [ RunTime:0.000000s ]
INFO: [ app_end ] --END-- [ RunTime:0.000000s ]

[ 2017-04-27T14:22:40+08:00 ] 10.10.0.48 /adc/index/index
INFO: [ app_init ] --START--
INFO: Run Behavior\BuildLiteBehavior [ RunTime:0.000000s ]
INFO: [ app_init ] --END-- [ RunTime:0.000000s ]
INFO: [ app_begin ] --START--
INFO: Run Behavior\ReadHtmlCacheBehavior [ RunTime:0.000000s ]
INFO: [ app_begin ] --END-- [ RunTime:0.000000s ]
NOTIC: [8] A session had already been started - ignoring session_start() E:\www\xuan\ThinkPHP\Common\functions.php 第 1263 行.
SQL: SHOW COLUMNS FROM `emlog_blog` [ RunTime:0.0030s ]
SQL: SELECT COUNT(*) AS tp_count FROM `emlog_blog` LIMIT 1   [ RunTime:0.0000s ]
SQL: SHOW COLUMNS FROM `emlog_comment` [ RunTime:0.0140s ]
SQL: SELECT COUNT(*) AS tp_count FROM `emlog_comment` LIMIT 1   [ RunTime:0.0000s ]
SQL: SHOW COLUMNS FROM `emlog_user` [ RunTime:0.0020s ]
SQL: SELECT COUNT(*) AS tp_count FROM `emlog_user` LIMIT 1   [ RunTime:0.0000s ]
INFO: [ view_parse ] --START--
INFO: [ template_filter ] --START--
INFO: Run Behavior\ContentReplaceBehavior [ RunTime:0.000000s ]
INFO: [ template_filter ] --END-- [ RunTime:0.000000s ]
INFO: Run Behavior\ParseTemplateBehavior [ RunTime:0.005000s ]
INFO: [ view_parse ] --END-- [ RunTime:0.005000s ]
INFO: [ view_filter ] --START--
INFO: Run Behavior\WriteHtmlCacheBehavior [ RunTime:0.000000s ]
INFO: Run Behavior\TokenBuildBehavior [ RunTime:0.001000s ]
INFO: [ view_filter ] --END-- [ RunTime:0.001000s ]
INFO: [ app_end ] --START--
INFO: Run Behavior\ShowPageTraceBehavior [ RunTime:0.000000s ]
INFO: [ app_end ] --END-- [ RunTime:0.000000s ]

[ 2017-04-27T14:22:40+08:00 ] 10.10.0.48 /adc/index/index
INFO: [ app_init ] --START--
INFO: Run Behavior\BuildLiteBehavior [ RunTime:0.000000s ]
INFO: [ app_init ] --END-- [ RunTime:0.000000s ]
INFO: [ app_begin ] --START--
INFO: Run Behavior\ReadHtmlCacheBehavior [ RunTime:0.000000s ]
INFO: [ app_begin ] --END-- [ RunTime:0.000000s ]
NOTIC: [8] A session had already been started - ignoring session_start() E:\www\xuan\ThinkPHP\Common\functions.php 第 1263 行.
SQL: SHOW COLUMNS FROM `emlog_blog` [ RunTime:0.0020s ]
SQL: SELECT COUNT(*) AS tp_count FROM `emlog_blog` LIMIT 1   [ RunTime:0.0000s ]
SQL: SHOW COLUMNS FROM `emlog_comment` [ RunTime:0.0010s ]
SQL: SELECT COUNT(*) AS tp_count FROM `emlog_comment` LIMIT 1   [ RunTime:0.0000s ]
SQL: SHOW COLUMNS FROM `emlog_user` [ RunTime:0.0250s ]
SQL: SELECT COUNT(*) AS tp_count FROM `emlog_user` LIMIT 1   [ RunTime:0.0000s ]
INFO: [ view_parse ] --START--
INFO: [ template_filter ] --START--
INFO: Run Behavior\ContentReplaceBehavior [ RunTime:0.000000s ]
INFO: [ template_filter ] --END-- [ RunTime:0.000000s ]
INFO: Run Behavior\ParseTemplateBehavior [ RunTime:0.005000s ]
INFO: [ view_parse ] --END-- [ RunTime:0.005000s ]
INFO: [ view_filter ] --START--
INFO: Run Behavior\WriteHtmlCacheBehavior [ RunTime:0.000000s ]
INFO: Run Behavior\TokenBuildBehavior [ RunTime:0.001000s ]
INFO: [ view_filter ] --END-- [ RunTime:0.001000s ]
INFO: [ app_end ] --START--
INFO: Run Behavior\ShowPageTraceBehavior [ RunTime:0.000000s ]
INFO: [ app_end ] --END-- [ RunTime:0.000000s ]

[ 2017-04-27T14:22:40+08:00 ] 10.10.0.48 /adc/index/index
INFO: [ app_init ] --START--
INFO: Run Behavior\BuildLiteBehavior [ RunTime:0.001000s ]
INFO: [ app_init ] --END-- [ RunTime:0.001000s ]
INFO: [ app_begin ] --START--
INFO: Run Behavior\ReadHtmlCacheBehavior [ RunTime:0.000000s ]
INFO: [ app_begin ] --END-- [ RunTime:0.000000s ]
NOTIC: [8] A session had already been started - ignoring session_start() E:\www\xuan\ThinkPHP\Common\functions.php 第 1263 行.
SQL: SHOW COLUMNS FROM `emlog_blog` [ RunTime:0.0010s ]
SQL: SELECT COUNT(*) AS tp_count FROM `emlog_blog` LIMIT 1   [ RunTime:0.0000s ]
SQL: SHOW COLUMNS FROM `emlog_comment` [ RunTime:0.0010s ]
SQL: SELECT COUNT(*) AS tp_count FROM `emlog_comment` LIMIT 1   [ RunTime:0.0000s ]
SQL: SHOW COLUMNS FROM `emlog_user` [ RunTime:0.0090s ]
SQL: SELECT COUNT(*) AS tp_count FROM `emlog_user` LIMIT 1   [ RunTime:0.0000s ]
INFO: [ view_parse ] --START--
INFO: [ template_filter ] --START--
INFO: Run Behavior\ContentReplaceBehavior [ RunTime:0.000000s ]
INFO: [ template_filter ] --END-- [ RunTime:0.000000s ]
INFO: Run Behavior\ParseTemplateBehavior [ RunTime:0.005000s ]
INFO: [ view_parse ] --END-- [ RunTime:0.005000s ]
INFO: [ view_filter ] --START--
INFO: Run Behavior\WriteHtmlCacheBehavior [ RunTime:0.000000s ]
INFO: Run Behavior\TokenBuildBehavior [ RunTime:0.001000s ]
INFO: [ view_filter ] --END-- [ RunTime:0.001000s ]
INFO: [ app_end ] --START--
INFO: Run Behavior\ShowPageTraceBehavior [ RunTime:0.001000s ]
INFO: [ app_end ] --END-- [ RunTime:0.001000s ]

[ 2017-04-27T14:22:40+08:00 ] 10.10.0.48 /adc/index/index
INFO: [ app_init ] --START--
INFO: Run Behavior\BuildLiteBehavior [ RunTime:0.000000s ]
INFO: [ app_init ] --END-- [ RunTime:0.001000s ]
INFO: [ app_begin ] --START--
INFO: Run Behavior\ReadHtmlCacheBehavior [ RunTime:0.000000s ]
INFO: [ app_begin ] --END-- [ RunTime:0.000000s ]
NOTIC: [8] A session had already been started - ignoring session_start() E:\www\xuan\ThinkPHP\Common\functions.php 第 1263 行.
SQL: SHOW COLUMNS FROM `emlog_blog` [ RunTime:0.0290s ]
SQL: SELECT COUNT(*) AS tp_count FROM `emlog_blog` LIMIT 1   [ RunTime:0.0000s ]
SQL: SHOW COLUMNS FROM `emlog_comment` [ RunTime:0.0120s ]
SQL: SELECT COUNT(*) AS tp_count FROM `emlog_comment` LIMIT 1   [ RunTime:0.0000s ]
SQL: SHOW COLUMNS FROM `emlog_user` [ RunTime:0.0010s ]
SQL: SELECT COUNT(*) AS tp_count FROM `emlog_user` LIMIT 1   [ RunTime:0.0000s ]
INFO: [ view_parse ] --START--
INFO: [ template_filter ] --START--
INFO: Run Behavior\ContentReplaceBehavior [ RunTime:0.000000s ]
INFO: [ template_filter ] --END-- [ RunTime:0.000000s ]
INFO: Run Behavior\ParseTemplateBehavior [ RunTime:0.004000s ]
INFO: [ view_parse ] --END-- [ RunTime:0.004000s ]
INFO: [ view_filter ] --START--
INFO: Run Behavior\WriteHtmlCacheBehavior [ RunTime:0.001000s ]
INFO: Run Behavior\TokenBuildBehavior [ RunTime:0.001000s ]
INFO: [ view_filter ] --END-- [ RunTime:0.002000s ]
INFO: [ app_end ] --START--
INFO: Run Behavior\ShowPageTraceBehavior [ RunTime:0.000000s ]
INFO: [ app_end ] --END-- [ RunTime:0.000000s ]

[ 2017-04-27T14:22:41+08:00 ] 10.10.0.48 /adc/index/index
INFO: [ app_init ] --START--
INFO: Run Behavior\BuildLiteBehavior [ RunTime:0.000000s ]
INFO: [ app_init ] --END-- [ RunTime:0.000000s ]
INFO: [ app_begin ] --START--
INFO: Run Behavior\ReadHtmlCacheBehavior [ RunTime:0.000000s ]
INFO: [ app_begin ] --END-- [ RunTime:0.000000s ]
NOTIC: [8] A session had already been started - ignoring session_start() E:\www\xuan\ThinkPHP\Common\functions.php 第 1263 行.
SQL: SHOW COLUMNS FROM `emlog_blog` [ RunTime:0.0010s ]
SQL: SELECT COUNT(*) AS tp_count FROM `emlog_blog` LIMIT 1   [ RunTime:0.0010s ]
SQL: SHOW COLUMNS FROM `emlog_comment` [ RunTime:0.0010s ]
SQL: SELECT COUNT(*) AS tp_count FROM `emlog_comment` LIMIT 1   [ RunTime:0.0010s ]
SQL: SHOW COLUMNS FROM `emlog_user` [ RunTime:0.0010s ]
SQL: SELECT COUNT(*) AS tp_count FROM `emlog_user` LIMIT 1   [ RunTime:0.0010s ]
INFO: [ view_parse ] --START--
INFO: [ template_filter ] --START--
INFO: Run Behavior\ContentReplaceBehavior [ RunTime:0.000000s ]
INFO: [ template_filter ] --END-- [ RunTime:0.000000s ]
INFO: Run Behavior\ParseTemplateBehavior [ RunTime:0.005001s ]
INFO: [ view_parse ] --END-- [ RunTime:0.005001s ]
INFO: [ view_filter ] --START--
INFO: Run Behavior\WriteHtmlCacheBehavior [ RunTime:0.000000s ]
INFO: Run Behavior\TokenBuildBehavior [ RunTime:0.001000s ]
INFO: [ view_filter ] --END-- [ RunTime:0.001000s ]
INFO: [ app_end ] --START--
INFO: Run Behavior\ShowPageTraceBehavior [ RunTime:0.000000s ]
INFO: [ app_end ] --END-- [ RunTime:0.000000s ]

[ 2017-04-27T14:22:41+08:00 ] 10.10.0.48 /adc/index/index
INFO: [ app_init ] --START--
INFO: Run Behavior\BuildLiteBehavior [ RunTime:0.000000s ]
INFO: [ app_init ] --END-- [ RunTime:0.000000s ]
INFO: [ app_begin ] --START--
INFO: Run Behavior\ReadHtmlCacheBehavior [ RunTime:0.000000s ]
INFO: [ app_begin ] --END-- [ RunTime:0.000000s ]
NOTIC: [8] A session had already been started - ignoring session_start() E:\www\xuan\ThinkPHP\Common\functions.php 第 1263 行.
SQL: SHOW COLUMNS FROM `emlog_blog` [ RunTime:0.0020s ]
SQL: SELECT COUNT(*) AS tp_count FROM `emlog_blog` LIMIT 1   [ RunTime:0.0000s ]
SQL: SHOW COLUMNS FROM `emlog_comment` [ RunTime:0.0010s ]
SQL: SELECT COUNT(*) AS tp_count FROM `emlog_comment` LIMIT 1   [ RunTime:0.0000s ]
SQL: SHOW COLUMNS FROM `emlog_user` [ RunTime:0.0000s ]
SQL: SELECT COUNT(*) AS tp_count FROM `emlog_user` LIMIT 1   [ RunTime:0.0000s ]
INFO: [ view_parse ] --START--
INFO: [ template_filter ] --START--
INFO: Run Behavior\ContentReplaceBehavior [ RunTime:0.000000s ]
INFO: [ template_filter ] --END-- [ RunTime:0.000000s ]
INFO: Run Behavior\ParseTemplateBehavior [ RunTime:0.004001s ]
INFO: [ view_parse ] --END-- [ RunTime:0.004001s ]
INFO: [ view_filter ] --START--
INFO: Run Behavior\WriteHtmlCacheBehavior [ RunTime:0.000000s ]
INFO: Run Behavior\TokenBuildBehavior [ RunTime:0.001000s ]
INFO: [ view_filter ] --END-- [ RunTime:0.001000s ]
INFO: [ app_end ] --START--
INFO: Run Behavior\ShowPageTraceBehavior [ RunTime:0.001000s ]
INFO: [ app_end ] --END-- [ RunTime:0.001000s ]

[ 2017-04-27T14:22:41+08:00 ] 10.10.0.48 /adc/index/index
INFO: [ app_init ] --START--
INFO: Run Behavior\BuildLiteBehavior [ RunTime:0.000000s ]
INFO: [ app_init ] --END-- [ RunTime:0.001000s ]
INFO: [ app_begin ] --START--
INFO: Run Behavior\ReadHtmlCacheBehavior [ RunTime:0.000000s ]
INFO: [ app_begin ] --END-- [ RunTime:0.000000s ]
NOTIC: [8] A session had already been started - ignoring session_start() E:\www\xuan\ThinkPHP\Common\functions.php 第 1263 行.
SQL: SHOW COLUMNS FROM `emlog_blog` [ RunTime:0.0290s ]
SQL: SELECT COUNT(*) AS tp_count FROM `emlog_blog` LIMIT 1   [ RunTime:0.0010s ]
SQL: SHOW COLUMNS FROM `emlog_comment` [ RunTime:0.0000s ]
SQL: SELECT COUNT(*) AS tp_count FROM `emlog_comment` LIMIT 1   [ RunTime:0.0000s ]
SQL: SHOW COLUMNS FROM `emlog_user` [ RunTime:0.0010s ]
SQL: SELECT COUNT(*) AS tp_count FROM `emlog_user` LIMIT 1   [ RunTime:0.0000s ]
INFO: [ view_parse ] --START--
INFO: [ template_filter ] --START--
INFO: Run Behavior\ContentReplaceBehavior [ RunTime:0.000000s ]
INFO: [ template_filter ] --END-- [ RunTime:0.000000s ]
INFO: Run Behavior\ParseTemplateBehavior [ RunTime:0.005000s ]
INFO: [ view_parse ] --END-- [ RunTime:0.005000s ]
INFO: [ view_filter ] --START--
INFO: Run Behavior\WriteHtmlCacheBehavior [ RunTime:0.000000s ]
INFO: Run Behavior\TokenBuildBehavior [ RunTime:0.001000s ]
INFO: [ view_filter ] --END-- [ RunTime:0.001000s ]
INFO: [ app_end ] --START--
INFO: Run Behavior\ShowPageTraceBehavior [ RunTime:0.000000s ]
INFO: [ app_end ] --END-- [ RunTime:0.000000s ]

[ 2017-04-27T14:22:41+08:00 ] 10.10.0.48 /adc/index/index
INFO: [ app_init ] --START--
INFO: Run Behavior\BuildLiteBehavior [ RunTime:0.000000s ]
INFO: [ app_init ] --END-- [ RunTime:0.001001s ]
INFO: [ app_begin ] --START--
INFO: Run Behavior\ReadHtmlCacheBehavior [ RunTime:0.001000s ]
INFO: [ app_begin ] --END-- [ RunTime:0.001000s ]
NOTIC: [8] A session had already been started - ignoring session_start() E:\www\xuan\ThinkPHP\Common\functions.php 第 1263 行.
SQL: SHOW COLUMNS FROM `emlog_blog` [ RunTime:0.0210s ]
SQL: SELECT COUNT(*) AS tp_count FROM `emlog_blog` LIMIT 1   [ RunTime:0.0000s ]
SQL: SHOW COLUMNS FROM `emlog_comment` [ RunTime:0.0010s ]
SQL: SELECT COUNT(*) AS tp_count FROM `emlog_comment` LIMIT 1   [ RunTime:0.0000s ]
SQL: SHOW COLUMNS FROM `emlog_user` [ RunTime:0.0010s ]
SQL: SELECT COUNT(*) AS tp_count FROM `emlog_user` LIMIT 1   [ RunTime:0.0000s ]
INFO: [ view_parse ] --START--
INFO: [ template_filter ] --START--
INFO: Run Behavior\ContentReplaceBehavior [ RunTime:0.000000s ]
INFO: [ template_filter ] --END-- [ RunTime:0.000000s ]
INFO: Run Behavior\ParseTemplateBehavior [ RunTime:0.006000s ]
INFO: [ view_parse ] --END-- [ RunTime:0.006000s ]
INFO: [ view_filter ] --START--
INFO: Run Behavior\WriteHtmlCacheBehavior [ RunTime:0.000000s ]
INFO: Run Behavior\TokenBuildBehavior [ RunTime:0.002000s ]
INFO: [ view_filter ] --END-- [ RunTime:0.002000s ]
INFO: [ app_end ] --START--
INFO: Run Behavior\ShowPageTraceBehavior [ RunTime:0.001000s ]
INFO: [ app_end ] --END-- [ RunTime:0.001000s ]

[ 2017-04-27T14:22:44+08:00 ] 10.10.0.48 /adc/news/newsadd
INFO: [ app_init ] --START--
INFO: Run Behavior\BuildLiteBehavior [ RunTime:0.000000s ]
INFO: [ app_init ] --END-- [ RunTime:0.000000s ]
INFO: [ app_begin ] --START--
INFO: Run Behavior\ReadHtmlCacheBehavior [ RunTime:0.001001s ]
INFO: [ app_begin ] --END-- [ RunTime:0.001001s ]
NOTIC: [8] A session had already been started - ignoring session_start() E:\www\xuan\ThinkPHP\Common\functions.php 第 1263 行.
SQL: SHOW COLUMNS FROM `emlog_sort` [ RunTime:0.0290s ]
SQL: SELECT * FROM `emlog_sort`  [ RunTime:0.0110s ]
INFO: [ view_parse ] --START--
INFO: [ template_filter ] --START--
INFO: Run Behavior\ContentReplaceBehavior [ RunTime:0.000000s ]
INFO: [ template_filter ] --END-- [ RunTime:0.000000s ]
INFO: Run Behavior\ParseTemplateBehavior [ RunTime:0.039002s ]
INFO: [ view_parse ] --END-- [ RunTime:0.039002s ]
INFO: [ view_filter ] --START--
INFO: Run Behavior\WriteHtmlCacheBehavior [ RunTime:0.000000s ]
INFO: Run Behavior\TokenBuildBehavior [ RunTime:0.002000s ]
INFO: [ view_filter ] --END-- [ RunTime:0.002000s ]
INFO: [ app_end ] --START--
INFO: Run Behavior\ShowPageTraceBehavior [ RunTime:0.000000s ]
INFO: [ app_end ] --END-- [ RunTime:0.001000s ]

[ 2017-04-27T14:22:45+08:00 ] 10.10.0.48 /adc/news/newslist
INFO: [ app_init ] --START--
INFO: Run Behavior\BuildLiteBehavior [ RunTime:0.000000s ]
INFO: [ app_init ] --END-- [ RunTime:0.000000s ]
INFO: [ app_begin ] --START--
INFO: Run Behavior\ReadHtmlCacheBehavior [ RunTime:0.000000s ]
INFO: [ app_begin ] --END-- [ RunTime:0.000000s ]
NOTIC: [8] A session had already been started - ignoring session_start() E:\www\xuan\ThinkPHP\Common\functions.php 第 1263 行.
INFO: [ view_parse ] --START--
INFO: [ template_filter ] --START--
INFO: Run Behavior\ContentReplaceBehavior [ RunTime:0.000000s ]
INFO: [ template_filter ] --END-- [ RunTime:0.000000s ]
INFO: Run Behavior\ParseTemplateBehavior [ RunTime:0.139007s ]
INFO: [ view_parse ] --END-- [ RunTime:0.139007s ]
INFO: [ view_filter ] --START--
INFO: Run Behavior\WriteHtmlCacheBehavior [ RunTime:0.000000s ]
INFO: Run Behavior\TokenBuildBehavior [ RunTime:0.001001s ]
INFO: [ view_filter ] --END-- [ RunTime:0.001001s ]
INFO: [ app_end ] --START--
INFO: Run Behavior\ShowPageTraceBehavior [ RunTime:0.000000s ]
INFO: [ app_end ] --END-- [ RunTime:0.000000s ]

[ 2017-04-27T14:22:47+08:00 ] 10.10.0.48 /adc/news/getNewsList?sEcho=1&iColumns=7&sColumns=%2C%2C%2C%2C%2C%2C&iDisplayStart=0&iDisplayLength=10&mDataProp_0=title&sSearch_0=&bRegex_0=false&bSearchable_0=true&bSortable_0=true&mDataProp_1=sortname&sSearch_1=&bRegex_1=false&bSearchable_1=true&bSortable_1=true&mDataProp_2=nickname&sSearch_2=&bRegex_2=false&bSearchable_2=true&bSortable_2=true&mDataProp_3=date&sSearch_3=&bRegex_3=false&bSearchable_3=true&bSortable_3=true&mDataProp_4=comnum&sSearch_4=&bRegex_4=false&bSearchable_4=true&bSortable_4=true&mDataProp_5=views&sSearch_5=&bRegex_5=false&bSearchable_5=true&bSortable_5=true&mDataProp_6=6&sSearch_6=&bRegex_6=false&bSearchable_6=true&bSortable_6=false&sSearch=&bRegex=false&iSortCol_0=3&iSortingCols=1&_=1493274166449
INFO: [ app_init ] --START--
INFO: Run Behavior\BuildLiteBehavior [ RunTime:0.000000s ]
INFO: [ app_init ] --END-- [ RunTime:0.000000s ]
INFO: [ app_begin ] --START--
INFO: Run Behavior\ReadHtmlCacheBehavior [ RunTime:0.001000s ]
INFO: [ app_begin ] --END-- [ RunTime:0.001000s ]
NOTIC: [8] A session had already been started - ignoring session_start() E:\www\xuan\ThinkPHP\Common\functions.php 第 1263 行.
NOTIC: [8] Use of undefined constant int - assumed 'int' E:\www\xuan\App\Adc\Controller\NewsController.class.php 第 18 行.
SQL: SHOW COLUMNS FROM `emlog_blog` [ RunTime:0.0690s ]
SQL: SELECT a.gid,a.title,FROM_UNIXTIME(a.date,"%Y-%m-%d %H:%i:%S") as date,a.type,a.comnum,a.views,b.nickname,c.sortname FROM emlog_blog a LEFT JOIN emlog_user b ON a.author = b.uid LEFT JOIN emlog_sort c ON a.sortid = c.sid  ORDER BY a.date desc LIMIT 0,10   [ RunTime:0.1480s ]
SQL: SELECT COUNT(*) AS tp_count FROM emlog_blog a LEFT JOIN emlog_user b ON a.author = b.uid LEFT JOIN emlog_sort c ON a.sortid = c.sid  LIMIT 1   [ RunTime:0.0020s ]

[ 2017-04-27T14:22:50+08:00 ] 10.10.0.48 /adc/sort/sortadd
INFO: [ app_init ] --START--
INFO: Run Behavior\BuildLiteBehavior [ RunTime:0.000000s ]
INFO: [ app_init ] --END-- [ RunTime:0.000000s ]
INFO: [ app_begin ] --START--
INFO: Run Behavior\ReadHtmlCacheBehavior [ RunTime:0.000000s ]
INFO: [ app_begin ] --END-- [ RunTime:0.000000s ]
NOTIC: [8] A session had already been started - ignoring session_start() E:\www\xuan\ThinkPHP\Common\functions.php 第 1263 行.
SQL: SHOW COLUMNS FROM `emlog_sort` [ RunTime:0.0060s ]
SQL: SELECT * FROM `emlog_sort`  [ RunTime:0.0010s ]
INFO: [ view_parse ] --START--
INFO: [ template_filter ] --START--
INFO: Run Behavior\ContentReplaceBehavior [ RunTime:0.000000s ]
INFO: [ template_filter ] --END-- [ RunTime:0.000000s ]
INFO: Run Behavior\ParseTemplateBehavior [ RunTime:0.017001s ]
INFO: [ view_parse ] --END-- [ RunTime:0.017001s ]
INFO: [ view_filter ] --START--
INFO: Run Behavior\WriteHtmlCacheBehavior [ RunTime:0.000000s ]
INFO: Run Behavior\TokenBuildBehavior [ RunTime:0.001000s ]
INFO: [ view_filter ] --END-- [ RunTime:0.001000s ]
INFO: [ app_end ] --START--
INFO: Run Behavior\ShowPageTraceBehavior [ RunTime:0.000000s ]
INFO: [ app_end ] --END-- [ RunTime:0.000000s ]

[ 2017-04-27T14:22:51+08:00 ] 10.10.0.48 /adc/sort/sortlist
INFO: [ app_init ] --START--
INFO: Run Behavior\BuildLiteBehavior [ RunTime:0.000000s ]
INFO: [ app_init ] --END-- [ RunTime:0.000000s ]
INFO: [ app_begin ] --START--
INFO: Run Behavior\ReadHtmlCacheBehavior [ RunTime:0.001000s ]
INFO: [ app_begin ] --END-- [ RunTime:0.001000s ]
NOTIC: [8] A session had already been started - ignoring session_start() E:\www\xuan\ThinkPHP\Common\functions.php 第 1263 行.
INFO: [ view_parse ] --START--
INFO: [ template_filter ] --START--
INFO: Run Behavior\ContentReplaceBehavior [ RunTime:0.000000s ]
INFO: [ template_filter ] --END-- [ RunTime:0.000000s ]
INFO: Run Behavior\ParseTemplateBehavior [ RunTime:0.024002s ]
INFO: [ view_parse ] --END-- [ RunTime:0.024002s ]
INFO: [ view_filter ] --START--
INFO: Run Behavior\WriteHtmlCacheBehavior [ RunTime:0.000000s ]
INFO: Run Behavior\TokenBuildBehavior [ RunTime:0.001000s ]
INFO: [ view_filter ] --END-- [ RunTime:0.001000s ]
INFO: [ app_end ] --START--
INFO: Run Behavior\ShowPageTraceBehavior [ RunTime:0.001000s ]
INFO: [ app_end ] --END-- [ RunTime:0.001000s ]

[ 2017-04-27T14:22:51+08:00 ] 10.10.0.48 /adc/sort/getSortList?sEcho=1&iColumns=5&sColumns=%2C%2C%2C%2C&iDisplayStart=0&iDisplayLength=10&mDataProp_0=sortname&sSearch_0=&bRegex_0=false&bSearchable_0=true&bSortable_0=true&mDataProp_1=alias&sSearch_1=&bRegex_1=false&bSearchable_1=true&bSortable_1=true&mDataProp_2=taxis&sSearch_2=&bRegex_2=false&bSearchable_2=true&bSortable_2=true&mDataProp_3=description&sSearch_3=&bRegex_3=false&bSearchable_3=true&bSortable_3=true&mDataProp_4=4&sSearch_4=&bRegex_4=false&bSearchable_4=true&bSortable_4=false&sSearch=&bRegex=false&iSortingCols=0&_=1493274171848
INFO: [ app_init ] --START--
INFO: Run Behavior\BuildLiteBehavior [ RunTime:0.000000s ]
INFO: [ app_init ] --END-- [ RunTime:0.000000s ]
INFO: [ app_begin ] --START--
INFO: Run Behavior\ReadHtmlCacheBehavior [ RunTime:0.000000s ]
INFO: [ app_begin ] --END-- [ RunTime:0.000000s ]
NOTIC: [8] A session had already been started - ignoring session_start() E:\www\xuan\ThinkPHP\Common\functions.php 第 1263 行.
NOTIC: [8] Use of undefined constant int - assumed 'int' E:\www\xuan\App\Adc\Controller\SortController.class.php 第 18 行.
SQL: SHOW COLUMNS FROM `emlog_sort` [ RunTime:0.0140s ]
SQL: SELECT a.sid,a.sortname,a.alias,a.taxis,a.description FROM emlog_sort a ORDER BY a.sid desc LIMIT 0,10   [ RunTime:0.0010s ]
SQL: SELECT COUNT(*) AS tp_count FROM emlog_sort a LIMIT 1   [ RunTime:0.0000s ]

[ 2017-04-27T14:22:52+08:00 ] 10.10.0.48 /adc/comment/commentlist
INFO: [ app_init ] --START--
INFO: Run Behavior\BuildLiteBehavior [ RunTime:0.000000s ]
INFO: [ app_init ] --END-- [ RunTime:0.000000s ]
INFO: [ app_begin ] --START--
INFO: Run Behavior\ReadHtmlCacheBehavior [ RunTime:0.001000s ]
INFO: [ app_begin ] --END-- [ RunTime:0.001000s ]
NOTIC: [8] A session had already been started - ignoring session_start() E:\www\xuan\ThinkPHP\Common\functions.php 第 1263 行.
INFO: [ view_parse ] --START--
INFO: [ template_filter ] --START--
INFO: Run Behavior\ContentReplaceBehavior [ RunTime:0.000000s ]
INFO: [ template_filter ] --END-- [ RunTime:0.001000s ]
INFO: Run Behavior\ParseTemplateBehavior [ RunTime:0.012001s ]
INFO: [ view_parse ] --END-- [ RunTime:0.012001s ]
INFO: [ view_filter ] --START--
INFO: Run Behavior\WriteHtmlCacheBehavior [ RunTime:0.000000s ]
INFO: Run Behavior\TokenBuildBehavior [ RunTime:0.001000s ]
INFO: [ view_filter ] --END-- [ RunTime:0.001000s ]
INFO: [ app_end ] --START--
INFO: Run Behavior\ShowPageTraceBehavior [ RunTime:0.001000s ]
INFO: [ app_end ] --END-- [ RunTime:0.001000s ]

[ 2017-04-27T14:22:52+08:00 ] 10.10.0.48 /adc/comment/getCommentList?sEcho=1&iColumns=6&sColumns=%2C%2C%2C%2C%2C&iDisplayStart=0&iDisplayLength=10&mDataProp_0=comment&sSearch_0=&bRegex_0=false&bSearchable_0=true&bSortable_0=true&mDataProp_1=poster&sSearch_1=&bRegex_1=false&bSearchable_1=true&bSortable_1=true&mDataProp_2=blogname&sSearch_2=&bRegex_2=false&bSearchable_2=true&bSortable_2=true&mDataProp_3=ip&sSearch_3=&bRegex_3=false&bSearchable_3=true&bSortable_3=true&mDataProp_4=date&sSearch_4=&bRegex_4=false&bSearchable_4=true&bSortable_4=true&mDataProp_5=5&sSearch_5=&bRegex_5=false&bSearchable_5=true&bSortable_5=false&sSearch=&bRegex=false&iSortingCols=0&_=1493274172868
INFO: [ app_init ] --START--
INFO: Run Behavior\BuildLiteBehavior [ RunTime:0.000000s ]
INFO: [ app_init ] --END-- [ RunTime:0.000000s ]
INFO: [ app_begin ] --START--
INFO: Run Behavior\ReadHtmlCacheBehavior [ RunTime:0.000000s ]
INFO: [ app_begin ] --END-- [ RunTime:0.000000s ]
NOTIC: [8] A session had already been started - ignoring session_start() E:\www\xuan\ThinkPHP\Common\functions.php 第 1263 行.
NOTIC: [8] Use of undefined constant int - assumed 'int' E:\www\xuan\App\Adc\Controller\CommentController.class.php 第 18 行.
SQL: SHOW COLUMNS FROM `emlog_comment` [ RunTime:0.0010s ]
SQL: SELECT a.cid,a.comment,a.poster,b.title as blogname,a.ip,FROM_UNIXTIME(a.date,"%Y-%m-%d %H:%i:%S") as date FROM emlog_comment a LEFT JOIN emlog_blog b ON a.gid = b.gid  ORDER BY a.cid desc LIMIT 0,10   [ RunTime:0.0160s ]
SQL: SELECT COUNT(*) AS tp_count FROM emlog_comment a LEFT JOIN emlog_blog b ON a.gid = b.gid  LIMIT 1   [ RunTime:0.0000s ]

[ 2017-04-27T14:22:54+08:00 ] 10.10.0.48 /adc/comment/commentlist
INFO: [ app_init ] --START--
INFO: Run Behavior\BuildLiteBehavior [ RunTime:0.000000s ]
INFO: [ app_init ] --END-- [ RunTime:0.000000s ]
INFO: [ app_begin ] --START--
INFO: Run Behavior\ReadHtmlCacheBehavior [ RunTime:0.000000s ]
INFO: [ app_begin ] --END-- [ RunTime:0.000000s ]
NOTIC: [8] A session had already been started - ignoring session_start() E:\www\xuan\ThinkPHP\Common\functions.php 第 1263 行.
INFO: [ view_parse ] --START--
INFO: [ template_filter ] --START--
INFO: Run Behavior\ContentReplaceBehavior [ RunTime:0.000000s ]
INFO: [ template_filter ] --END-- [ RunTime:0.000000s ]
INFO: Run Behavior\ParseTemplateBehavior [ RunTime:0.004000s ]
INFO: [ view_parse ] --END-- [ RunTime:0.004000s ]
INFO: [ view_filter ] --START--
INFO: Run Behavior\WriteHtmlCacheBehavior [ RunTime:0.001000s ]
INFO: Run Behavior\TokenBuildBehavior [ RunTime:0.000000s ]
INFO: [ view_filter ] --END-- [ RunTime:0.001000s ]
INFO: [ app_end ] --START--
INFO: Run Behavior\ShowPageTraceBehavior [ RunTime:0.000000s ]
INFO: [ app_end ] --END-- [ RunTime:0.000000s ]

[ 2017-04-27T14:22:54+08:00 ] 10.10.0.48 /adc/comment/getCommentList?sEcho=1&iColumns=6&sColumns=%2C%2C%2C%2C%2C&iDisplayStart=0&iDisplayLength=10&mDataProp_0=comment&sSearch_0=&bRegex_0=false&bSearchable_0=true&bSortable_0=true&mDataProp_1=poster&sSearch_1=&bRegex_1=false&bSearchable_1=true&bSortable_1=true&mDataProp_2=blogname&sSearch_2=&bRegex_2=false&bSearchable_2=true&bSortable_2=true&mDataProp_3=ip&sSearch_3=&bRegex_3=false&bSearchable_3=true&bSortable_3=true&mDataProp_4=date&sSearch_4=&bRegex_4=false&bSearchable_4=true&bSortable_4=true&mDataProp_5=5&sSearch_5=&bRegex_5=false&bSearchable_5=true&bSortable_5=false&sSearch=&bRegex=false&iSortingCols=0&_=1493274174751
INFO: [ app_init ] --START--
INFO: Run Behavior\BuildLiteBehavior [ RunTime:0.000000s ]
INFO: [ app_init ] --END-- [ RunTime:0.000000s ]
INFO: [ app_begin ] --START--
INFO: Run Behavior\ReadHtmlCacheBehavior [ RunTime:0.001000s ]
INFO: [ app_begin ] --END-- [ RunTime:0.001000s ]
NOTIC: [8] A session had already been started - ignoring session_start() E:\www\xuan\ThinkPHP\Common\functions.php 第 1263 行.
NOTIC: [8] Use of undefined constant int - assumed 'int' E:\www\xuan\App\Adc\Controller\CommentController.class.php 第 18 行.
SQL: SHOW COLUMNS FROM `emlog_comment` [ RunTime:0.0020s ]
SQL: SELECT a.cid,a.comment,a.poster,b.title as blogname,a.ip,FROM_UNIXTIME(a.date,"%Y-%m-%d %H:%i:%S") as date FROM emlog_comment a LEFT JOIN emlog_blog b ON a.gid = b.gid  ORDER BY a.cid desc LIMIT 0,10   [ RunTime:0.0000s ]
SQL: SELECT COUNT(*) AS tp_count FROM emlog_comment a LEFT JOIN emlog_blog b ON a.gid = b.gid  LIMIT 1   [ RunTime:0.0010s ]

[ 2017-04-27T14:23:00+08:00 ] 10.10.0.48 /adc/set/basicset
INFO: [ app_init ] --START--
INFO: Run Behavior\BuildLiteBehavior [ RunTime:0.000000s ]
INFO: [ app_init ] --END-- [ RunTime:0.000000s ]
INFO: [ app_begin ] --START--
INFO: Run Behavior\ReadHtmlCacheBehavior [ RunTime:0.000000s ]
INFO: [ app_begin ] --END-- [ RunTime:0.000000s ]
NOTIC: [8] A session had already been started - ignoring session_start() E:\www\xuan\ThinkPHP\Common\functions.php 第 1263 行.
SQL: SHOW COLUMNS FROM `emlog_options` [ RunTime:0.0140s ]
SQL: SELECT * FROM `emlog_options` WHERE `option_name` IN ('blogname','bloginfo','site_title','site_description','site_key','blogurl','icp','footer_info')  [ RunTime:0.0080s ]
INFO: [ view_parse ] --START--
INFO: [ template_filter ] --START--
INFO: Run Behavior\ContentReplaceBehavior [ RunTime:0.000000s ]
INFO: [ template_filter ] --END-- [ RunTime:0.000000s ]
INFO: Run Behavior\ParseTemplateBehavior [ RunTime:0.025001s ]
INFO: [ view_parse ] --END-- [ RunTime:0.025001s ]
INFO: [ view_filter ] --START--
INFO: Run Behavior\WriteHtmlCacheBehavior [ RunTime:0.000000s ]
INFO: Run Behavior\TokenBuildBehavior [ RunTime:0.001001s ]
INFO: [ view_filter ] --END-- [ RunTime:0.001001s ]
INFO: [ app_end ] --START--
INFO: Run Behavior\ShowPageTraceBehavior [ RunTime:0.000000s ]
INFO: [ app_end ] --END-- [ RunTime:0.000000s ]

[ 2017-04-27T14:23:03+08:00 ] 10.10.0.48 /adc
INFO: [ app_init ] --START--
INFO: Run Behavior\BuildLiteBehavior [ RunTime:0.000000s ]
INFO: [ app_init ] --END-- [ RunTime:0.000000s ]
INFO: [ app_begin ] --START--
INFO: Run Behavior\ReadHtmlCacheBehavior [ RunTime:0.000000s ]
INFO: [ app_begin ] --END-- [ RunTime:0.000000s ]
NOTIC: [8] A session had already been started - ignoring session_start() E:\www\xuan\ThinkPHP\Common\functions.php 第 1263 行.
SQL: SHOW COLUMNS FROM `emlog_blog` [ RunTime:0.0010s ]
SQL: SELECT COUNT(*) AS tp_count FROM `emlog_blog` LIMIT 1   [ RunTime:0.0060s ]
SQL: SHOW COLUMNS FROM `emlog_comment` [ RunTime:0.0090s ]
SQL: SELECT COUNT(*) AS tp_count FROM `emlog_comment` LIMIT 1   [ RunTime:0.0010s ]
SQL: SHOW COLUMNS FROM `emlog_user` [ RunTime:0.0000s ]
SQL: SELECT COUNT(*) AS tp_count FROM `emlog_user` LIMIT 1   [ RunTime:0.0000s ]
INFO: [ view_parse ] --START--
INFO: [ template_filter ] --START--
INFO: Run Behavior\ContentReplaceBehavior [ RunTime:0.000000s ]
INFO: [ template_filter ] --END-- [ RunTime:0.000000s ]
INFO: Run Behavior\ParseTemplateBehavior [ RunTime:0.005001s ]
INFO: [ view_parse ] --END-- [ RunTime:0.005001s ]
INFO: [ view_filter ] --START--
INFO: Run Behavior\WriteHtmlCacheBehavior [ RunTime:0.000000s ]
INFO: Run Behavior\TokenBuildBehavior [ RunTime:0.001000s ]
INFO: [ view_filter ] --END-- [ RunTime:0.001000s ]
INFO: [ app_end ] --START--
INFO: Run Behavior\ShowPageTraceBehavior [ RunTime:0.000000s ]
INFO: [ app_end ] --END-- [ RunTime:0.000000s ]

