[ 2017-04-23T12:22:51+08:00 ] 127.0.0.1 /adc
INFO: [ app_init ] --START--
INFO: Run Behavior\BuildLiteBehavior [ RunTime:0.000000s ]
INFO: [ app_init ] --END-- [ RunTime:0.001000s ]
INFO: [ app_begin ] --START--
INFO: Run Behavior\ReadHtmlCacheBehavior [ RunTime:0.000000s ]
INFO: [ app_begin ] --END-- [ RunTime:0.000000s ]
NOTIC: [8] A session had already been started - ignoring session_start() E:\www\xuan\ThinkPHP\Common\functions.php Á¨¨ 1263 Ë°å.
ERR: SQLSTATE[HY000] [2002] ”…”⁄ƒø±Íº∆À„ª˙ª˝º´æ‹æ¯£¨Œﬁ∑®¡¨Ω”°£


[ 2017-04-23T14:23:41+08:00 ] 127.0.0.1 /index.php/adc/login/index.html
INFO: [ app_init ] --START--
INFO: Run Behavior\BuildLiteBehavior [ RunTime:0.000000s ]
INFO: [ app_init ] --END-- [ RunTime:0.000000s ]
INFO: [ app_begin ] --START--
INFO: Run Behavior\ReadHtmlCacheBehavior [ RunTime:0.001000s ]
INFO: [ app_begin ] --END-- [ RunTime:0.001000s ]
NOTIC: [8] A session had already been started - ignoring session_start() E:\www\xuan\ThinkPHP\Common\functions.php Á¨¨ 1263 Ë°å.
INFO: [ view_parse ] --START--
INFO: [ template_filter ] --START--
INFO: Run Behavior\ContentReplaceBehavior [ RunTime:0.000000s ]
INFO: [ template_filter ] --END-- [ RunTime:0.000000s ]
INFO: Run Behavior\ParseTemplateBehavior [ RunTime:0.020000s ]
INFO: [ view_parse ] --END-- [ RunTime:0.020000s ]
INFO: [ view_filter ] --START--
INFO: Run Behavior\WriteHtmlCacheBehavior [ RunTime:0.001000s ]
INFO: Run Behavior\TokenBuildBehavior [ RunTime:0.000000s ]
INFO: [ view_filter ] --END-- [ RunTime:0.001000s ]
INFO: [ app_end ] --START--
INFO: Run Behavior\ShowPageTraceBehavior [ RunTime:0.001000s ]
INFO: [ app_end ] --END-- [ RunTime:0.001000s ]

[ 2017-04-23T14:23:45+08:00 ] 127.0.0.1 /adc/login/checkLogin
INFO: [ app_init ] --START--
INFO: Run Behavior\BuildLiteBehavior [ RunTime:0.000000s ]
INFO: [ app_init ] --END-- [ RunTime:0.001000s ]
INFO: [ app_begin ] --START--
INFO: Run Behavior\ReadHtmlCacheBehavior [ RunTime:0.001000s ]
INFO: [ app_begin ] --END-- [ RunTime:0.001000s ]
NOTIC: [8] A session had already been started - ignoring session_start() E:\www\xuan\ThinkPHP\Common\functions.php Á¨¨ 1263 Ë°å.
ERR: SQLSTATE[HY000] [1049] Unknown database 'qdm11454229_db'

[ 2017-04-23T14:23:50+08:00 ] 127.0.0.1 /adc/login/checkLogin
INFO: [ app_init ] --START--
INFO: Run Behavior\BuildLiteBehavior [ RunTime:0.000000s ]
INFO: [ app_init ] --END-- [ RunTime:0.000000s ]
INFO: [ app_begin ] --START--
INFO: Run Behavior\ReadHtmlCacheBehavior [ RunTime:0.001000s ]
INFO: [ app_begin ] --END-- [ RunTime:0.001000s ]
NOTIC: [8] A session had already been started - ignoring session_start() E:\www\xuan\ThinkPHP\Common\functions.php Á¨¨ 1263 Ë°å.
ERR: SQLSTATE[HY000] [1049] Unknown database 'qdm11454229_db'

[ 2017-04-23T14:27:25+08:00 ] 127.0.0.1 /adc/login/checkLogin
INFO: [ app_init ] --START--
INFO: Run Behavior\BuildLiteBehavior [ RunTime:0.000000s ]
INFO: [ app_init ] --END-- [ RunTime:0.000000s ]
INFO: [ app_begin ] --START--
INFO: Run Behavior\ReadHtmlCacheBehavior [ RunTime:0.000000s ]
INFO: [ app_begin ] --END-- [ RunTime:0.000000s ]
NOTIC: [8] A session had already been started - ignoring session_start() E:\www\xuan\ThinkPHP\Common\functions.php Á¨¨ 1263 Ë°å.
ERR: 1146:Table 'qdm11454229_db.emlog_user' doesn't exist
 [ SQLËØ≠Âè• ] : SHOW COLUMNS FROM `emlog_user`
ERR: 1146:Table 'qdm11454229_db.emlog_user' doesn't exist
 [ SQLËØ≠Âè• ] : SHOW COLUMNS FROM `emlog_user`

[ 2017-04-23T14:27:26+08:00 ] 127.0.0.1 /adc/login/checkLogin
INFO: [ app_init ] --START--
INFO: Run Behavior\BuildLiteBehavior [ RunTime:0.000000s ]
INFO: [ app_init ] --END-- [ RunTime:0.000000s ]
INFO: [ app_begin ] --START--
INFO: Run Behavior\ReadHtmlCacheBehavior [ RunTime:0.000000s ]
INFO: [ app_begin ] --END-- [ RunTime:0.000000s ]
NOTIC: [8] A session had already been started - ignoring session_start() E:\www\xuan\ThinkPHP\Common\functions.php Á¨¨ 1263 Ë°å.
ERR: 1146:Table 'qdm11454229_db.emlog_user' doesn't exist
 [ SQLËØ≠Âè• ] : SHOW COLUMNS FROM `emlog_user`
ERR: 1146:Table 'qdm11454229_db.emlog_user' doesn't exist
 [ SQLËØ≠Âè• ] : SHOW COLUMNS FROM `emlog_user`

[ 2017-04-23T14:27:32+08:00 ] 127.0.0.1 /adc/login/checkLogin
INFO: [ app_init ] --START--
INFO: Run Behavior\BuildLiteBehavior [ RunTime:0.000000s ]
INFO: [ app_init ] --END-- [ RunTime:0.000000s ]
INFO: [ app_begin ] --START--
INFO: Run Behavior\ReadHtmlCacheBehavior [ RunTime:0.000000s ]
INFO: [ app_begin ] --END-- [ RunTime:0.000000s ]
NOTIC: [8] A session had already been started - ignoring session_start() E:\www\xuan\ThinkPHP\Common\functions.php Á¨¨ 1263 Ë°å.
ERR: 1146:Table 'qdm11454229_db.emlog_user' doesn't exist
 [ SQLËØ≠Âè• ] : SHOW COLUMNS FROM `emlog_user`
ERR: 1146:Table 'qdm11454229_db.emlog_user' doesn't exist
 [ SQLËØ≠Âè• ] : SHOW COLUMNS FROM `emlog_user`

[ 2017-04-23T14:27:33+08:00 ] 127.0.0.1 /adc/login/checkLogin
INFO: [ app_init ] --START--
INFO: Run Behavior\BuildLiteBehavior [ RunTime:0.000000s ]
INFO: [ app_init ] --END-- [ RunTime:0.000000s ]
INFO: [ app_begin ] --START--
INFO: Run Behavior\ReadHtmlCacheBehavior [ RunTime:0.000000s ]
INFO: [ app_begin ] --END-- [ RunTime:0.000000s ]
NOTIC: [8] A session had already been started - ignoring session_start() E:\www\xuan\ThinkPHP\Common\functions.php Á¨¨ 1263 Ë°å.
ERR: 1146:Table 'qdm11454229_db.emlog_user' doesn't exist
 [ SQLËØ≠Âè• ] : SHOW COLUMNS FROM `emlog_user`
ERR: 1146:Table 'qdm11454229_db.emlog_user' doesn't exist
 [ SQLËØ≠Âè• ] : SHOW COLUMNS FROM `emlog_user`

[ 2017-04-23T14:27:34+08:00 ] 127.0.0.1 /adc/login/checkLogin
INFO: [ app_init ] --START--
INFO: Run Behavior\BuildLiteBehavior [ RunTime:0.000000s ]
INFO: [ app_init ] --END-- [ RunTime:0.000000s ]
INFO: [ app_begin ] --START--
INFO: Run Behavior\ReadHtmlCacheBehavior [ RunTime:0.000000s ]
INFO: [ app_begin ] --END-- [ RunTime:0.000000s ]
NOTIC: [8] A session had already been started - ignoring session_start() E:\www\xuan\ThinkPHP\Common\functions.php Á¨¨ 1263 Ë°å.
ERR: 1146:Table 'qdm11454229_db.emlog_user' doesn't exist
 [ SQLËØ≠Âè• ] : SHOW COLUMNS FROM `emlog_user`
ERR: 1146:Table 'qdm11454229_db.emlog_user' doesn't exist
 [ SQLËØ≠Âè• ] : SHOW COLUMNS FROM `emlog_user`

[ 2017-04-23T14:27:34+08:00 ] 127.0.0.1 /adc/login/checkLogin
INFO: [ app_init ] --START--
INFO: Run Behavior\BuildLiteBehavior [ RunTime:0.000000s ]
INFO: [ app_init ] --END-- [ RunTime:0.000000s ]
INFO: [ app_begin ] --START--
INFO: Run Behavior\ReadHtmlCacheBehavior [ RunTime:0.000000s ]
INFO: [ app_begin ] --END-- [ RunTime:0.000000s ]
NOTIC: [8] A session had already been started - ignoring session_start() E:\www\xuan\ThinkPHP\Common\functions.php Á¨¨ 1263 Ë°å.
ERR: 1146:Table 'qdm11454229_db.emlog_user' doesn't exist
 [ SQLËØ≠Âè• ] : SHOW COLUMNS FROM `emlog_user`
ERR: 1146:Table 'qdm11454229_db.emlog_user' doesn't exist
 [ SQLËØ≠Âè• ] : SHOW COLUMNS FROM `emlog_user`

[ 2017-04-23T14:27:34+08:00 ] 127.0.0.1 /adc/login/checkLogin
INFO: [ app_init ] --START--
INFO: Run Behavior\BuildLiteBehavior [ RunTime:0.000000s ]
INFO: [ app_init ] --END-- [ RunTime:0.000000s ]
INFO: [ app_begin ] --START--
INFO: Run Behavior\ReadHtmlCacheBehavior [ RunTime:0.000000s ]
INFO: [ app_begin ] --END-- [ RunTime:0.000000s ]
NOTIC: [8] A session had already been started - ignoring session_start() E:\www\xuan\ThinkPHP\Common\functions.php Á¨¨ 1263 Ë°å.
ERR: 1146:Table 'qdm11454229_db.emlog_user' doesn't exist
 [ SQLËØ≠Âè• ] : SHOW COLUMNS FROM `emlog_user`
ERR: 1146:Table 'qdm11454229_db.emlog_user' doesn't exist
 [ SQLËØ≠Âè• ] : SHOW COLUMNS FROM `emlog_user`

[ 2017-04-23T14:27:34+08:00 ] 127.0.0.1 /adc/login/checkLogin
INFO: [ app_init ] --START--
INFO: Run Behavior\BuildLiteBehavior [ RunTime:0.000000s ]
INFO: [ app_init ] --END-- [ RunTime:0.000000s ]
INFO: [ app_begin ] --START--
INFO: Run Behavior\ReadHtmlCacheBehavior [ RunTime:0.015600s ]
INFO: [ app_begin ] --END-- [ RunTime:0.015600s ]
NOTIC: [8] A session had already been started - ignoring session_start() E:\www\xuan\ThinkPHP\Common\functions.php Á¨¨ 1263 Ë°å.
ERR: 1146:Table 'qdm11454229_db.emlog_user' doesn't exist
 [ SQLËØ≠Âè• ] : SHOW COLUMNS FROM `emlog_user`
ERR: 1146:Table 'qdm11454229_db.emlog_user' doesn't exist
 [ SQLËØ≠Âè• ] : SHOW COLUMNS FROM `emlog_user`

[ 2017-04-23T14:27:35+08:00 ] 127.0.0.1 /adc/login/checkLogin
INFO: [ app_init ] --START--
INFO: Run Behavior\BuildLiteBehavior [ RunTime:0.000000s ]
INFO: [ app_init ] --END-- [ RunTime:0.000000s ]
INFO: [ app_begin ] --START--
INFO: Run Behavior\ReadHtmlCacheBehavior [ RunTime:0.000000s ]
INFO: [ app_begin ] --END-- [ RunTime:0.000000s ]
NOTIC: [8] A session had already been started - ignoring session_start() E:\www\xuan\ThinkPHP\Common\functions.php Á¨¨ 1263 Ë°å.
ERR: 1146:Table 'qdm11454229_db.emlog_user' doesn't exist
 [ SQLËØ≠Âè• ] : SHOW COLUMNS FROM `emlog_user`
ERR: 1146:Table 'qdm11454229_db.emlog_user' doesn't exist
 [ SQLËØ≠Âè• ] : SHOW COLUMNS FROM `emlog_user`

[ 2017-04-23T14:27:35+08:00 ] 127.0.0.1 /adc/login/checkLogin
INFO: [ app_init ] --START--
INFO: Run Behavior\BuildLiteBehavior [ RunTime:0.000000s ]
INFO: [ app_init ] --END-- [ RunTime:0.000000s ]
INFO: [ app_begin ] --START--
INFO: Run Behavior\ReadHtmlCacheBehavior [ RunTime:0.000000s ]
INFO: [ app_begin ] --END-- [ RunTime:0.000000s ]
NOTIC: [8] A session had already been started - ignoring session_start() E:\www\xuan\ThinkPHP\Common\functions.php Á¨¨ 1263 Ë°å.
ERR: 1146:Table 'qdm11454229_db.emlog_user' doesn't exist
 [ SQLËØ≠Âè• ] : SHOW COLUMNS FROM `emlog_user`
ERR: 1146:Table 'qdm11454229_db.emlog_user' doesn't exist
 [ SQLËØ≠Âè• ] : SHOW COLUMNS FROM `emlog_user`

[ 2017-04-23T14:27:35+08:00 ] 127.0.0.1 /adc/login/checkLogin
INFO: [ app_init ] --START--
INFO: Run Behavior\BuildLiteBehavior [ RunTime:0.000000s ]
INFO: [ app_init ] --END-- [ RunTime:0.000000s ]
INFO: [ app_begin ] --START--
INFO: Run Behavior\ReadHtmlCacheBehavior [ RunTime:0.001000s ]
INFO: [ app_begin ] --END-- [ RunTime:0.001000s ]
NOTIC: [8] A session had already been started - ignoring session_start() E:\www\xuan\ThinkPHP\Common\functions.php Á¨¨ 1263 Ë°å.
ERR: 1146:Table 'qdm11454229_db.emlog_user' doesn't exist
 [ SQLËØ≠Âè• ] : SHOW COLUMNS FROM `emlog_user`
ERR: 1146:Table 'qdm11454229_db.emlog_user' doesn't exist
 [ SQLËØ≠Âè• ] : SHOW COLUMNS FROM `emlog_user`

[ 2017-04-23T14:27:35+08:00 ] 127.0.0.1 /adc/login/checkLogin
INFO: [ app_init ] --START--
INFO: Run Behavior\BuildLiteBehavior [ RunTime:0.000000s ]
INFO: [ app_init ] --END-- [ RunTime:0.001000s ]
INFO: [ app_begin ] --START--
INFO: Run Behavior\ReadHtmlCacheBehavior [ RunTime:0.000000s ]
INFO: [ app_begin ] --END-- [ RunTime:0.000000s ]
NOTIC: [8] A session had already been started - ignoring session_start() E:\www\xuan\ThinkPHP\Common\functions.php Á¨¨ 1263 Ë°å.
ERR: 1146:Table 'qdm11454229_db.emlog_user' doesn't exist
 [ SQLËØ≠Âè• ] : SHOW COLUMNS FROM `emlog_user`
ERR: 1146:Table 'qdm11454229_db.emlog_user' doesn't exist
 [ SQLËØ≠Âè• ] : SHOW COLUMNS FROM `emlog_user`

[ 2017-04-23T14:27:35+08:00 ] 127.0.0.1 /adc/login/checkLogin
INFO: [ app_init ] --START--
INFO: Run Behavior\BuildLiteBehavior [ RunTime:0.000000s ]
INFO: [ app_init ] --END-- [ RunTime:0.000000s ]
INFO: [ app_begin ] --START--
INFO: Run Behavior\ReadHtmlCacheBehavior [ RunTime:0.000000s ]
INFO: [ app_begin ] --END-- [ RunTime:0.000000s ]
NOTIC: [8] A session had already been started - ignoring session_start() E:\www\xuan\ThinkPHP\Common\functions.php Á¨¨ 1263 Ë°å.
ERR: 1146:Table 'qdm11454229_db.emlog_user' doesn't exist
 [ SQLËØ≠Âè• ] : SHOW COLUMNS FROM `emlog_user`
ERR: 1146:Table 'qdm11454229_db.emlog_user' doesn't exist
 [ SQLËØ≠Âè• ] : SHOW COLUMNS FROM `emlog_user`

[ 2017-04-23T14:27:36+08:00 ] 127.0.0.1 /adc/login/checkLogin
INFO: [ app_init ] --START--
INFO: Run Behavior\BuildLiteBehavior [ RunTime:0.000000s ]
INFO: [ app_init ] --END-- [ RunTime:0.001000s ]
INFO: [ app_begin ] --START--
INFO: Run Behavior\ReadHtmlCacheBehavior [ RunTime:0.001000s ]
INFO: [ app_begin ] --END-- [ RunTime:0.001000s ]
NOTIC: [8] A session had already been started - ignoring session_start() E:\www\xuan\ThinkPHP\Common\functions.php Á¨¨ 1263 Ë°å.
ERR: 1146:Table 'qdm11454229_db.emlog_user' doesn't exist
 [ SQLËØ≠Âè• ] : SHOW COLUMNS FROM `emlog_user`
ERR: 1146:Table 'qdm11454229_db.emlog_user' doesn't exist
 [ SQLËØ≠Âè• ] : SHOW COLUMNS FROM `emlog_user`

[ 2017-04-23T14:27:36+08:00 ] 127.0.0.1 /adc/login/checkLogin
INFO: [ app_init ] --START--
INFO: Run Behavior\BuildLiteBehavior [ RunTime:0.000000s ]
INFO: [ app_init ] --END-- [ RunTime:0.015600s ]
INFO: [ app_begin ] --START--
INFO: Run Behavior\ReadHtmlCacheBehavior [ RunTime:0.001000s ]
INFO: [ app_begin ] --END-- [ RunTime:0.001000s ]
NOTIC: [8] A session had already been started - ignoring session_start() E:\www\xuan\ThinkPHP\Common\functions.php Á¨¨ 1263 Ë°å.
ERR: 1146:Table 'qdm11454229_db.emlog_user' doesn't exist
 [ SQLËØ≠Âè• ] : SHOW COLUMNS FROM `emlog_user`
ERR: 1146:Table 'qdm11454229_db.emlog_user' doesn't exist
 [ SQLËØ≠Âè• ] : SHOW COLUMNS FROM `emlog_user`

[ 2017-04-23T14:27:36+08:00 ] 127.0.0.1 /adc/login/checkLogin
INFO: [ app_init ] --START--
INFO: Run Behavior\BuildLiteBehavior [ RunTime:0.000000s ]
INFO: [ app_init ] --END-- [ RunTime:0.000000s ]
INFO: [ app_begin ] --START--
INFO: Run Behavior\ReadHtmlCacheBehavior [ RunTime:0.000000s ]
INFO: [ app_begin ] --END-- [ RunTime:0.000000s ]
NOTIC: [8] A session had already been started - ignoring session_start() E:\www\xuan\ThinkPHP\Common\functions.php Á¨¨ 1263 Ë°å.
ERR: 1146:Table 'qdm11454229_db.emlog_user' doesn't exist
 [ SQLËØ≠Âè• ] : SHOW COLUMNS FROM `emlog_user`
ERR: 1146:Table 'qdm11454229_db.emlog_user' doesn't exist
 [ SQLËØ≠Âè• ] : SHOW COLUMNS FROM `emlog_user`

[ 2017-04-23T14:27:36+08:00 ] 127.0.0.1 /adc/login/checkLogin
INFO: [ app_init ] --START--
INFO: Run Behavior\BuildLiteBehavior [ RunTime:0.000000s ]
INFO: [ app_init ] --END-- [ RunTime:0.001000s ]
INFO: [ app_begin ] --START--
INFO: Run Behavior\ReadHtmlCacheBehavior [ RunTime:0.001000s ]
INFO: [ app_begin ] --END-- [ RunTime:0.001000s ]
NOTIC: [8] A session had already been started - ignoring session_start() E:\www\xuan\ThinkPHP\Common\functions.php Á¨¨ 1263 Ë°å.
ERR: 1146:Table 'qdm11454229_db.emlog_user' doesn't exist
 [ SQLËØ≠Âè• ] : SHOW COLUMNS FROM `emlog_user`
ERR: 1146:Table 'qdm11454229_db.emlog_user' doesn't exist
 [ SQLËØ≠Âè• ] : SHOW COLUMNS FROM `emlog_user`

[ 2017-04-23T14:27:36+08:00 ] 127.0.0.1 /adc/login/checkLogin
INFO: [ app_init ] --START--
INFO: Run Behavior\BuildLiteBehavior [ RunTime:0.000000s ]
INFO: [ app_init ] --END-- [ RunTime:0.000000s ]
INFO: [ app_begin ] --START--
INFO: Run Behavior\ReadHtmlCacheBehavior [ RunTime:0.000000s ]
INFO: [ app_begin ] --END-- [ RunTime:0.000000s ]
NOTIC: [8] A session had already been started - ignoring session_start() E:\www\xuan\ThinkPHP\Common\functions.php Á¨¨ 1263 Ë°å.
ERR: 1146:Table 'qdm11454229_db.emlog_user' doesn't exist
 [ SQLËØ≠Âè• ] : SHOW COLUMNS FROM `emlog_user`
ERR: 1146:Table 'qdm11454229_db.emlog_user' doesn't exist
 [ SQLËØ≠Âè• ] : SHOW COLUMNS FROM `emlog_user`

[ 2017-04-23T14:27:37+08:00 ] 127.0.0.1 /adc/login/checkLogin
INFO: [ app_init ] --START--
INFO: Run Behavior\BuildLiteBehavior [ RunTime:0.000000s ]
INFO: [ app_init ] --END-- [ RunTime:0.001000s ]
INFO: [ app_begin ] --START--
INFO: Run Behavior\ReadHtmlCacheBehavior [ RunTime:0.001000s ]
INFO: [ app_begin ] --END-- [ RunTime:0.001000s ]
NOTIC: [8] A session had already been started - ignoring session_start() E:\www\xuan\ThinkPHP\Common\functions.php Á¨¨ 1263 Ë°å.
ERR: 1146:Table 'qdm11454229_db.emlog_user' doesn't exist
 [ SQLËØ≠Âè• ] : SHOW COLUMNS FROM `emlog_user`
ERR: 1146:Table 'qdm11454229_db.emlog_user' doesn't exist
 [ SQLËØ≠Âè• ] : SHOW COLUMNS FROM `emlog_user`

[ 2017-04-23T14:27:37+08:00 ] 127.0.0.1 /adc/login/checkLogin
INFO: [ app_init ] --START--
INFO: Run Behavior\BuildLiteBehavior [ RunTime:0.000000s ]
INFO: [ app_init ] --END-- [ RunTime:0.000000s ]
INFO: [ app_begin ] --START--
INFO: Run Behavior\ReadHtmlCacheBehavior [ RunTime:0.000000s ]
INFO: [ app_begin ] --END-- [ RunTime:0.000000s ]
NOTIC: [8] A session had already been started - ignoring session_start() E:\www\xuan\ThinkPHP\Common\functions.php Á¨¨ 1263 Ë°å.
ERR: 1146:Table 'qdm11454229_db.emlog_user' doesn't exist
 [ SQLËØ≠Âè• ] : SHOW COLUMNS FROM `emlog_user`
ERR: 1146:Table 'qdm11454229_db.emlog_user' doesn't exist
 [ SQLËØ≠Âè• ] : SHOW COLUMNS FROM `emlog_user`

[ 2017-04-23T14:27:37+08:00 ] 127.0.0.1 /adc/login/checkLogin
INFO: [ app_init ] --START--
INFO: Run Behavior\BuildLiteBehavior [ RunTime:0.000000s ]
INFO: [ app_init ] --END-- [ RunTime:0.001000s ]
INFO: [ app_begin ] --START--
INFO: Run Behavior\ReadHtmlCacheBehavior [ RunTime:0.000000s ]
INFO: [ app_begin ] --END-- [ RunTime:0.000000s ]
NOTIC: [8] A session had already been started - ignoring session_start() E:\www\xuan\ThinkPHP\Common\functions.php Á¨¨ 1263 Ë°å.
ERR: 1146:Table 'qdm11454229_db.emlog_user' doesn't exist
 [ SQLËØ≠Âè• ] : SHOW COLUMNS FROM `emlog_user`
ERR: 1146:Table 'qdm11454229_db.emlog_user' doesn't exist
 [ SQLËØ≠Âè• ] : SHOW COLUMNS FROM `emlog_user`

[ 2017-04-23T14:27:37+08:00 ] 127.0.0.1 /adc/login/checkLogin
INFO: [ app_init ] --START--
INFO: Run Behavior\BuildLiteBehavior [ RunTime:0.000000s ]
INFO: [ app_init ] --END-- [ RunTime:0.000000s ]
INFO: [ app_begin ] --START--
INFO: Run Behavior\ReadHtmlCacheBehavior [ RunTime:0.000000s ]
INFO: [ app_begin ] --END-- [ RunTime:0.000000s ]
NOTIC: [8] A session had already been started - ignoring session_start() E:\www\xuan\ThinkPHP\Common\functions.php Á¨¨ 1263 Ë°å.
ERR: 1146:Table 'qdm11454229_db.emlog_user' doesn't exist
 [ SQLËØ≠Âè• ] : SHOW COLUMNS FROM `emlog_user`
ERR: 1146:Table 'qdm11454229_db.emlog_user' doesn't exist
 [ SQLËØ≠Âè• ] : SHOW COLUMNS FROM `emlog_user`

[ 2017-04-23T14:27:37+08:00 ] 127.0.0.1 /adc/login/checkLogin
INFO: [ app_init ] --START--
INFO: Run Behavior\BuildLiteBehavior [ RunTime:0.000000s ]
INFO: [ app_init ] --END-- [ RunTime:0.000000s ]
INFO: [ app_begin ] --START--
INFO: Run Behavior\ReadHtmlCacheBehavior [ RunTime:0.001000s ]
INFO: [ app_begin ] --END-- [ RunTime:0.001000s ]
NOTIC: [8] A session had already been started - ignoring session_start() E:\www\xuan\ThinkPHP\Common\functions.php Á¨¨ 1263 Ë°å.
ERR: 1146:Table 'qdm11454229_db.emlog_user' doesn't exist
 [ SQLËØ≠Âè• ] : SHOW COLUMNS FROM `emlog_user`
ERR: 1146:Table 'qdm11454229_db.emlog_user' doesn't exist
 [ SQLËØ≠Âè• ] : SHOW COLUMNS FROM `emlog_user`

[ 2017-04-23T14:27:37+08:00 ] 127.0.0.1 /adc/login/checkLogin
INFO: [ app_init ] --START--
INFO: Run Behavior\BuildLiteBehavior [ RunTime:0.000000s ]
INFO: [ app_init ] --END-- [ RunTime:0.001000s ]
INFO: [ app_begin ] --START--
INFO: Run Behavior\ReadHtmlCacheBehavior [ RunTime:0.001000s ]
INFO: [ app_begin ] --END-- [ RunTime:0.001000s ]
NOTIC: [8] A session had already been started - ignoring session_start() E:\www\xuan\ThinkPHP\Common\functions.php Á¨¨ 1263 Ë°å.
ERR: 1146:Table 'qdm11454229_db.emlog_user' doesn't exist
 [ SQLËØ≠Âè• ] : SHOW COLUMNS FROM `emlog_user`
ERR: 1146:Table 'qdm11454229_db.emlog_user' doesn't exist
 [ SQLËØ≠Âè• ] : SHOW COLUMNS FROM `emlog_user`

[ 2017-04-23T14:27:38+08:00 ] 127.0.0.1 /adc/login/checkLogin
INFO: [ app_init ] --START--
INFO: Run Behavior\BuildLiteBehavior [ RunTime:0.000000s ]
INFO: [ app_init ] --END-- [ RunTime:0.000000s ]
INFO: [ app_begin ] --START--
INFO: Run Behavior\ReadHtmlCacheBehavior [ RunTime:0.000000s ]
INFO: [ app_begin ] --END-- [ RunTime:0.000000s ]
NOTIC: [8] A session had already been started - ignoring session_start() E:\www\xuan\ThinkPHP\Common\functions.php Á¨¨ 1263 Ë°å.
ERR: 1146:Table 'qdm11454229_db.emlog_user' doesn't exist
 [ SQLËØ≠Âè• ] : SHOW COLUMNS FROM `emlog_user`
ERR: 1146:Table 'qdm11454229_db.emlog_user' doesn't exist
 [ SQLËØ≠Âè• ] : SHOW COLUMNS FROM `emlog_user`

[ 2017-04-23T14:27:41+08:00 ] 127.0.0.1 /adc/login/checkLogin
INFO: [ app_init ] --START--
INFO: Run Behavior\BuildLiteBehavior [ RunTime:0.000000s ]
INFO: [ app_init ] --END-- [ RunTime:0.000000s ]
INFO: [ app_begin ] --START--
INFO: Run Behavior\ReadHtmlCacheBehavior [ RunTime:0.000000s ]
INFO: [ app_begin ] --END-- [ RunTime:0.000000s ]
NOTIC: [8] A session had already been started - ignoring session_start() E:\www\xuan\ThinkPHP\Common\functions.php Á¨¨ 1263 Ë°å.
SQL: SHOW COLUMNS FROM `emlog_user` [ RunTime:0.0020s ]
SQL: SELECT * FROM `emlog_user` WHERE ( username ='aaa' ) LIMIT 1   [ RunTime:0.0020s ]
NOTIC: [8] Use of undefined constant username - assumed 'username' E:\www\xuan\App\Adc\Controller\LoginController.class.php Á¨¨ 28 Ë°å.
NOTIC: [8] Use of undefined constant password - assumed 'password' E:\www\xuan\App\Adc\Controller\LoginController.class.php Á¨¨ 29 Ë°å.

[ 2017-04-23T14:27:41+08:00 ] 127.0.0.1 /adc/index/index
INFO: [ app_init ] --START--
INFO: Run Behavior\BuildLiteBehavior [ RunTime:0.000000s ]
INFO: [ app_init ] --END-- [ RunTime:0.000000s ]
INFO: [ app_begin ] --START--
INFO: Run Behavior\ReadHtmlCacheBehavior [ RunTime:0.000000s ]
INFO: [ app_begin ] --END-- [ RunTime:0.000000s ]
NOTIC: [8] A session had already been started - ignoring session_start() E:\www\xuan\ThinkPHP\Common\functions.php Á¨¨ 1263 Ë°å.
SQL: SHOW COLUMNS FROM `emlog_blog` [ RunTime:0.0156s ]
SQL: SELECT COUNT(*) AS tp_count FROM `emlog_blog` LIMIT 1   [ RunTime:0.0000s ]
SQL: SHOW COLUMNS FROM `emlog_comment` [ RunTime:0.0020s ]
SQL: SELECT COUNT(*) AS tp_count FROM `emlog_comment` LIMIT 1   [ RunTime:0.0010s ]
SQL: SHOW COLUMNS FROM `emlog_user` [ RunTime:0.0010s ]
SQL: SELECT COUNT(*) AS tp_count FROM `emlog_user` LIMIT 1   [ RunTime:0.0000s ]
INFO: [ view_parse ] --START--
INFO: [ template_filter ] --START--
INFO: Run Behavior\ContentReplaceBehavior [ RunTime:0.000000s ]
INFO: [ template_filter ] --END-- [ RunTime:0.000000s ]
INFO: Run Behavior\ParseTemplateBehavior [ RunTime:0.007000s ]
INFO: [ view_parse ] --END-- [ RunTime:0.007000s ]
INFO: [ view_filter ] --START--
INFO: Run Behavior\WriteHtmlCacheBehavior [ RunTime:0.001000s ]
INFO: Run Behavior\TokenBuildBehavior [ RunTime:0.000000s ]
INFO: [ view_filter ] --END-- [ RunTime:0.001000s ]
INFO: [ app_end ] --START--
INFO: Run Behavior\ShowPageTraceBehavior [ RunTime:0.001000s ]
INFO: [ app_end ] --END-- [ RunTime:0.001000s ]

[ 2017-04-23T14:27:43+08:00 ] 127.0.0.1 /adc/comment/commentlist
INFO: [ app_init ] --START--
INFO: Run Behavior\BuildLiteBehavior [ RunTime:0.000000s ]
INFO: [ app_init ] --END-- [ RunTime:0.000000s ]
INFO: [ app_begin ] --START--
INFO: Run Behavior\ReadHtmlCacheBehavior [ RunTime:0.000000s ]
INFO: [ app_begin ] --END-- [ RunTime:0.000000s ]
NOTIC: [8] A session had already been started - ignoring session_start() E:\www\xuan\ThinkPHP\Common\functions.php Á¨¨ 1263 Ë°å.
INFO: [ view_parse ] --START--
INFO: [ template_filter ] --START--
INFO: Run Behavior\ContentReplaceBehavior [ RunTime:0.000000s ]
INFO: [ template_filter ] --END-- [ RunTime:0.000000s ]
INFO: Run Behavior\ParseTemplateBehavior [ RunTime:0.008000s ]
INFO: [ view_parse ] --END-- [ RunTime:0.008000s ]
INFO: [ view_filter ] --START--
INFO: Run Behavior\WriteHtmlCacheBehavior [ RunTime:0.000000s ]
INFO: Run Behavior\TokenBuildBehavior [ RunTime:0.001000s ]
INFO: [ view_filter ] --END-- [ RunTime:0.001000s ]
INFO: [ app_end ] --START--
INFO: Run Behavior\ShowPageTraceBehavior [ RunTime:0.000000s ]
INFO: [ app_end ] --END-- [ RunTime:0.000000s ]

[ 2017-04-23T14:27:44+08:00 ] 127.0.0.1 /adc/comment/getCommentList?sEcho=1&iColumns=6&sColumns=%2C%2C%2C%2C%2C&iDisplayStart=0&iDisplayLength=10&mDataProp_0=comment&sSearch_0=&bRegex_0=false&bSearchable_0=true&bSortable_0=true&mDataProp_1=poster&sSearch_1=&bRegex_1=false&bSearchable_1=true&bSortable_1=true&mDataProp_2=blogname&sSearch_2=&bRegex_2=false&bSearchable_2=true&bSortable_2=true&mDataProp_3=ip&sSearch_3=&bRegex_3=false&bSearchable_3=true&bSortable_3=true&mDataProp_4=date&sSearch_4=&bRegex_4=false&bSearchable_4=true&bSortable_4=true&mDataProp_5=5&sSearch_5=&bRegex_5=false&bSearchable_5=true&bSortable_5=false&sSearch=&bRegex=false&iSortingCols=0&_=1492928863801
INFO: [ app_init ] --START--
INFO: Run Behavior\BuildLiteBehavior [ RunTime:0.000000s ]
INFO: [ app_init ] --END-- [ RunTime:0.000000s ]
INFO: [ app_begin ] --START--
INFO: Run Behavior\ReadHtmlCacheBehavior [ RunTime:0.000000s ]
INFO: [ app_begin ] --END-- [ RunTime:0.000000s ]
NOTIC: [8] A session had already been started - ignoring session_start() E:\www\xuan\ThinkPHP\Common\functions.php Á¨¨ 1263 Ë°å.
NOTIC: [8] Use of undefined constant int - assumed 'int' E:\www\xuan\App\Adc\Controller\CommentController.class.php Á¨¨ 18 Ë°å.
SQL: SHOW COLUMNS FROM `emlog_comment` [ RunTime:0.0010s ]
SQL: SELECT a.cid,a.comment,a.poster,b.title as blogname,a.ip,FROM_UNIXTIME(a.date,"%Y-%m-%d %H:%i:%S") as date FROM emlog_comment a LEFT JOIN emlog_blog b ON a.gid = b.gid  ORDER BY a.cid desc LIMIT 0,10   [ RunTime:0.0030s ]
SQL: SELECT COUNT(*) AS tp_count FROM emlog_comment a LEFT JOIN emlog_blog b ON a.gid = b.gid  LIMIT 1   [ RunTime:0.0010s ]

[ 2017-04-23T14:27:45+08:00 ] 127.0.0.1 /adc/comment/commentlist
INFO: [ app_init ] --START--
INFO: Run Behavior\BuildLiteBehavior [ RunTime:0.000000s ]
INFO: [ app_init ] --END-- [ RunTime:0.000000s ]
INFO: [ app_begin ] --START--
INFO: Run Behavior\ReadHtmlCacheBehavior [ RunTime:0.000000s ]
INFO: [ app_begin ] --END-- [ RunTime:0.000000s ]
NOTIC: [8] A session had already been started - ignoring session_start() E:\www\xuan\ThinkPHP\Common\functions.php Á¨¨ 1263 Ë°å.
INFO: [ view_parse ] --START--
INFO: [ template_filter ] --START--
INFO: Run Behavior\ContentReplaceBehavior [ RunTime:0.000000s ]
INFO: [ template_filter ] --END-- [ RunTime:0.000000s ]
INFO: Run Behavior\ParseTemplateBehavior [ RunTime:0.007000s ]
INFO: [ view_parse ] --END-- [ RunTime:0.008000s ]
INFO: [ view_filter ] --START--
INFO: Run Behavior\WriteHtmlCacheBehavior [ RunTime:0.000000s ]
INFO: Run Behavior\TokenBuildBehavior [ RunTime:0.001000s ]
INFO: [ view_filter ] --END-- [ RunTime:0.001000s ]
INFO: [ app_end ] --START--
INFO: Run Behavior\ShowPageTraceBehavior [ RunTime:0.000000s ]
INFO: [ app_end ] --END-- [ RunTime:0.000000s ]

[ 2017-04-23T14:27:45+08:00 ] 127.0.0.1 /adc/comment/getCommentList?sEcho=1&iColumns=6&sColumns=%2C%2C%2C%2C%2C&iDisplayStart=0&iDisplayLength=10&mDataProp_0=comment&sSearch_0=&bRegex_0=false&bSearchable_0=true&bSortable_0=true&mDataProp_1=poster&sSearch_1=&bRegex_1=false&bSearchable_1=true&bSortable_1=true&mDataProp_2=blogname&sSearch_2=&bRegex_2=false&bSearchable_2=true&bSortable_2=true&mDataProp_3=ip&sSearch_3=&bRegex_3=false&bSearchable_3=true&bSortable_3=true&mDataProp_4=date&sSearch_4=&bRegex_4=false&bSearchable_4=true&bSortable_4=true&mDataProp_5=5&sSearch_5=&bRegex_5=false&bSearchable_5=true&bSortable_5=false&sSearch=&bRegex=false&iSortingCols=0&_=1492928865842
INFO: [ app_init ] --START--
INFO: Run Behavior\BuildLiteBehavior [ RunTime:0.000000s ]
INFO: [ app_init ] --END-- [ RunTime:0.000000s ]
INFO: [ app_begin ] --START--
INFO: Run Behavior\ReadHtmlCacheBehavior [ RunTime:0.000000s ]
INFO: [ app_begin ] --END-- [ RunTime:0.001000s ]
NOTIC: [8] A session had already been started - ignoring session_start() E:\www\xuan\ThinkPHP\Common\functions.php Á¨¨ 1263 Ë°å.
NOTIC: [8] Use of undefined constant int - assumed 'int' E:\www\xuan\App\Adc\Controller\CommentController.class.php Á¨¨ 18 Ë°å.
SQL: SHOW COLUMNS FROM `emlog_comment` [ RunTime:0.0020s ]
SQL: SELECT a.cid,a.comment,a.poster,b.title as blogname,a.ip,FROM_UNIXTIME(a.date,"%Y-%m-%d %H:%i:%S") as date FROM emlog_comment a LEFT JOIN emlog_blog b ON a.gid = b.gid  ORDER BY a.cid desc LIMIT 0,10   [ RunTime:0.0030s ]
SQL: SELECT COUNT(*) AS tp_count FROM emlog_comment a LEFT JOIN emlog_blog b ON a.gid = b.gid  LIMIT 1   [ RunTime:0.0010s ]

[ 2017-04-23T14:27:46+08:00 ] 127.0.0.1 /adc/comment/commentlist
INFO: [ app_init ] --START--
INFO: Run Behavior\BuildLiteBehavior [ RunTime:0.000000s ]
INFO: [ app_init ] --END-- [ RunTime:0.001000s ]
INFO: [ app_begin ] --START--
INFO: Run Behavior\ReadHtmlCacheBehavior [ RunTime:0.001000s ]
INFO: [ app_begin ] --END-- [ RunTime:0.001000s ]
NOTIC: [8] A session had already been started - ignoring session_start() E:\www\xuan\ThinkPHP\Common\functions.php Á¨¨ 1263 Ë°å.
INFO: [ view_parse ] --START--
INFO: [ template_filter ] --START--
INFO: Run Behavior\ContentReplaceBehavior [ RunTime:0.001000s ]
INFO: [ template_filter ] --END-- [ RunTime:0.001000s ]
INFO: Run Behavior\ParseTemplateBehavior [ RunTime:0.007000s ]
INFO: [ view_parse ] --END-- [ RunTime:0.007000s ]
INFO: [ view_filter ] --START--
INFO: Run Behavior\WriteHtmlCacheBehavior [ RunTime:0.000000s ]
INFO: Run Behavior\TokenBuildBehavior [ RunTime:0.001000s ]
INFO: [ view_filter ] --END-- [ RunTime:0.001000s ]
INFO: [ app_end ] --START--
INFO: Run Behavior\ShowPageTraceBehavior [ RunTime:0.000000s ]
INFO: [ app_end ] --END-- [ RunTime:0.000000s ]

[ 2017-04-23T14:27:46+08:00 ] 127.0.0.1 /adc/comment/getCommentList?sEcho=1&iColumns=6&sColumns=%2C%2C%2C%2C%2C&iDisplayStart=0&iDisplayLength=10&mDataProp_0=comment&sSearch_0=&bRegex_0=false&bSearchable_0=true&bSortable_0=true&mDataProp_1=poster&sSearch_1=&bRegex_1=false&bSearchable_1=true&bSortable_1=true&mDataProp_2=blogname&sSearch_2=&bRegex_2=false&bSearchable_2=true&bSortable_2=true&mDataProp_3=ip&sSearch_3=&bRegex_3=false&bSearchable_3=true&bSortable_3=true&mDataProp_4=date&sSearch_4=&bRegex_4=false&bSearchable_4=true&bSortable_4=true&mDataProp_5=5&sSearch_5=&bRegex_5=false&bSearchable_5=true&bSortable_5=false&sSearch=&bRegex=false&iSortingCols=0&_=1492928866561
INFO: [ app_init ] --START--
INFO: Run Behavior\BuildLiteBehavior [ RunTime:0.000000s ]
INFO: [ app_init ] --END-- [ RunTime:0.001000s ]
INFO: [ app_begin ] --START--
INFO: Run Behavior\ReadHtmlCacheBehavior [ RunTime:0.001000s ]
INFO: [ app_begin ] --END-- [ RunTime:0.001000s ]
NOTIC: [8] A session had already been started - ignoring session_start() E:\www\xuan\ThinkPHP\Common\functions.php Á¨¨ 1263 Ë°å.
NOTIC: [8] Use of undefined constant int - assumed 'int' E:\www\xuan\App\Adc\Controller\CommentController.class.php Á¨¨ 18 Ë°å.
SQL: SHOW COLUMNS FROM `emlog_comment` [ RunTime:0.0020s ]
SQL: SELECT a.cid,a.comment,a.poster,b.title as blogname,a.ip,FROM_UNIXTIME(a.date,"%Y-%m-%d %H:%i:%S") as date FROM emlog_comment a LEFT JOIN emlog_blog b ON a.gid = b.gid  ORDER BY a.cid desc LIMIT 0,10   [ RunTime:0.0010s ]
SQL: SELECT COUNT(*) AS tp_count FROM emlog_comment a LEFT JOIN emlog_blog b ON a.gid = b.gid  LIMIT 1   [ RunTime:0.0000s ]

[ 2017-04-23T14:28:43+08:00 ] 127.0.0.1 /adc/comment/commentlist
INFO: [ app_init ] --START--
INFO: Run Behavior\BuildLiteBehavior [ RunTime:0.000000s ]
INFO: [ app_init ] --END-- [ RunTime:0.000000s ]
INFO: [ app_begin ] --START--
INFO: Run Behavior\ReadHtmlCacheBehavior [ RunTime:0.001000s ]
INFO: [ app_begin ] --END-- [ RunTime:0.001000s ]
NOTIC: [8] A session had already been started - ignoring session_start() E:\www\xuan\ThinkPHP\Common\functions.php Á¨¨ 1263 Ë°å.
INFO: [ view_parse ] --START--
INFO: [ template_filter ] --START--
INFO: Run Behavior\ContentReplaceBehavior [ RunTime:0.000000s ]
INFO: [ template_filter ] --END-- [ RunTime:0.000000s ]
INFO: Run Behavior\ParseTemplateBehavior [ RunTime:0.008000s ]
INFO: [ view_parse ] --END-- [ RunTime:0.008000s ]
INFO: [ view_filter ] --START--
INFO: Run Behavior\WriteHtmlCacheBehavior [ RunTime:0.000000s ]
INFO: Run Behavior\TokenBuildBehavior [ RunTime:0.000000s ]
INFO: [ view_filter ] --END-- [ RunTime:0.000000s ]
INFO: [ app_end ] --START--
INFO: Run Behavior\ShowPageTraceBehavior [ RunTime:0.001000s ]
INFO: [ app_end ] --END-- [ RunTime:0.001000s ]

[ 2017-04-23T14:28:43+08:00 ] 127.0.0.1 /adc/comment/getCommentList?sEcho=1&iColumns=6&sColumns=%2C%2C%2C%2C%2C&iDisplayStart=0&iDisplayLength=10&mDataProp_0=comment&sSearch_0=&bRegex_0=false&bSearchable_0=true&bSortable_0=true&mDataProp_1=poster&sSearch_1=&bRegex_1=false&bSearchable_1=true&bSortable_1=true&mDataProp_2=blogname&sSearch_2=&bRegex_2=false&bSearchable_2=true&bSortable_2=true&mDataProp_3=ip&sSearch_3=&bRegex_3=false&bSearchable_3=true&bSortable_3=true&mDataProp_4=date&sSearch_4=&bRegex_4=false&bSearchable_4=true&bSortable_4=true&mDataProp_5=5&sSearch_5=&bRegex_5=false&bSearchable_5=true&bSortable_5=false&sSearch=&bRegex=false&iSortingCols=0&_=1492928923372
INFO: [ app_init ] --START--
INFO: Run Behavior\BuildLiteBehavior [ RunTime:0.000000s ]
INFO: [ app_init ] --END-- [ RunTime:0.000000s ]
INFO: [ app_begin ] --START--
INFO: Run Behavior\ReadHtmlCacheBehavior [ RunTime:0.000000s ]
INFO: [ app_begin ] --END-- [ RunTime:0.000000s ]
NOTIC: [8] A session had already been started - ignoring session_start() E:\www\xuan\ThinkPHP\Common\functions.php Á¨¨ 1263 Ë°å.
NOTIC: [8] Use of undefined constant int - assumed 'int' E:\www\xuan\App\Adc\Controller\CommentController.class.php Á¨¨ 18 Ë°å.
SQL: SHOW COLUMNS FROM `emlog_comment` [ RunTime:0.0050s ]
SQL: SELECT a.cid,a.comment,a.poster,b.title as blogname,a.ip,FROM_UNIXTIME(a.date,"%Y-%m-%d %H:%i:%S") as date FROM emlog_comment a LEFT JOIN emlog_blog b ON a.gid = b.gid  ORDER BY a.cid desc LIMIT 0,10   [ RunTime:0.0040s ]
SQL: SELECT COUNT(*) AS tp_count FROM emlog_comment a LEFT JOIN emlog_blog b ON a.gid = b.gid  LIMIT 1   [ RunTime:0.0020s ]

[ 2017-04-23T14:28:49+08:00 ] 127.0.0.1 /adc/set/basicset
INFO: [ app_init ] --START--
INFO: Run Behavior\BuildLiteBehavior [ RunTime:0.000000s ]
INFO: [ app_init ] --END-- [ RunTime:0.001000s ]
INFO: [ app_begin ] --START--
INFO: Run Behavior\ReadHtmlCacheBehavior [ RunTime:0.001000s ]
INFO: [ app_begin ] --END-- [ RunTime:0.001000s ]
NOTIC: [8] A session had already been started - ignoring session_start() E:\www\xuan\ThinkPHP\Common\functions.php Á¨¨ 1263 Ë°å.
SQL: SHOW COLUMNS FROM `emlog_options` [ RunTime:0.0010s ]
SQL: SELECT * FROM `emlog_options` WHERE `option_name` IN ('blogname','bloginfo','site_title','site_description','site_key','blogurl','icp','footer_info')  [ RunTime:0.0010s ]
INFO: [ view_parse ] --START--
INFO: [ template_filter ] --START--
INFO: Run Behavior\ContentReplaceBehavior [ RunTime:0.000000s ]
INFO: [ template_filter ] --END-- [ RunTime:0.000000s ]
INFO: Run Behavior\ParseTemplateBehavior [ RunTime:0.005000s ]
INFO: [ view_parse ] --END-- [ RunTime:0.005000s ]
INFO: [ view_filter ] --START--
INFO: Run Behavior\WriteHtmlCacheBehavior [ RunTime:0.000000s ]
INFO: Run Behavior\TokenBuildBehavior [ RunTime:0.001000s ]
INFO: [ view_filter ] --END-- [ RunTime:0.001000s ]
INFO: [ app_end ] --START--
INFO: Run Behavior\ShowPageTraceBehavior [ RunTime:0.001000s ]
INFO: [ app_end ] --END-- [ RunTime:0.001000s ]

[ 2017-04-23T14:35:26+08:00 ] 127.0.0.1 /adc/set/basicset
INFO: [ app_init ] --START--
INFO: Run Behavior\BuildLiteBehavior [ RunTime:0.000000s ]
INFO: [ app_init ] --END-- [ RunTime:0.001000s ]
INFO: [ app_begin ] --START--
INFO: Run Behavior\ReadHtmlCacheBehavior [ RunTime:0.002000s ]
INFO: [ app_begin ] --END-- [ RunTime:0.002000s ]
NOTIC: [8] A session had already been started - ignoring session_start() E:\www\xuan\ThinkPHP\Common\functions.php Á¨¨ 1263 Ë°å.
SQL: SHOW COLUMNS FROM `emlog_options` [ RunTime:0.0020s ]
SQL: SELECT * FROM `emlog_options` WHERE `option_name` IN ('blogname','bloginfo','site_title','site_description','site_key','blogurl','icp','footer_info')  [ RunTime:0.0020s ]
INFO: [ view_parse ] --START--
INFO: [ template_filter ] --START--
INFO: Run Behavior\ContentReplaceBehavior [ RunTime:0.000000s ]
INFO: [ template_filter ] --END-- [ RunTime:0.000000s ]
INFO: Run Behavior\ParseTemplateBehavior [ RunTime:0.009000s ]
INFO: [ view_parse ] --END-- [ RunTime:0.009000s ]
INFO: [ view_filter ] --START--
INFO: Run Behavior\WriteHtmlCacheBehavior [ RunTime:0.001000s ]
INFO: Run Behavior\TokenBuildBehavior [ RunTime:0.001000s ]
INFO: [ view_filter ] --END-- [ RunTime:0.002000s ]
INFO: [ app_end ] --START--
INFO: Run Behavior\ShowPageTraceBehavior [ RunTime:0.002000s ]
INFO: [ app_end ] --END-- [ RunTime:0.002000s ]

[ 2017-04-23T14:44:34+08:00 ] 127.0.0.1 /adc/set/basicset
INFO: [ app_init ] --START--
INFO: Run Behavior\BuildLiteBehavior [ RunTime:0.000000s ]
INFO: [ app_init ] --END-- [ RunTime:0.000000s ]
INFO: [ app_begin ] --START--
INFO: Run Behavior\ReadHtmlCacheBehavior [ RunTime:0.000000s ]
INFO: [ app_begin ] --END-- [ RunTime:0.000000s ]
NOTIC: [8] A session had already been started - ignoring session_start() E:\www\xuan\ThinkPHP\Common\functions.php Á¨¨ 1263 Ë°å.
SQL: SHOW COLUMNS FROM `emlog_options` [ RunTime:0.0020s ]
SQL: SELECT * FROM `emlog_options` WHERE `option_name` IN ('blogname','bloginfo','site_title','site_description','site_key','blogurl','icp','footer_info')  [ RunTime:0.0010s ]
INFO: [ view_parse ] --START--
INFO: [ template_filter ] --START--
INFO: Run Behavior\ContentReplaceBehavior [ RunTime:0.000000s ]
INFO: [ template_filter ] --END-- [ RunTime:0.000000s ]
INFO: Run Behavior\ParseTemplateBehavior [ RunTime:0.009000s ]
INFO: [ view_parse ] --END-- [ RunTime:0.009000s ]
INFO: [ view_filter ] --START--
INFO: Run Behavior\WriteHtmlCacheBehavior [ RunTime:0.000000s ]
INFO: Run Behavior\TokenBuildBehavior [ RunTime:0.000000s ]
INFO: [ view_filter ] --END-- [ RunTime:0.000000s ]
INFO: [ app_end ] --START--
INFO: Run Behavior\ShowPageTraceBehavior [ RunTime:0.000000s ]
INFO: [ app_end ] --END-- [ RunTime:0.000000s ]

[ 2017-04-23T17:41:31+08:00 ] 127.0.0.1 /adc/set/personalset
INFO: [ app_init ] --START--
INFO: Run Behavior\BuildLiteBehavior [ RunTime:0.000000s ]
INFO: [ app_init ] --END-- [ RunTime:0.001000s ]
INFO: [ app_begin ] --START--
INFO: Run Behavior\ReadHtmlCacheBehavior [ RunTime:0.001000s ]
INFO: [ app_begin ] --END-- [ RunTime:0.001000s ]
NOTIC: [8] A session had already been started - ignoring session_start() E:\www\xuan\ThinkPHP\Common\functions.php Á¨¨ 1263 Ë°å.
ERR: ÈùûÊ≥ïÊìç‰Ωú:personalset

[ 2017-04-23T17:41:33+08:00 ] 127.0.0.1 /adc/set/basicset
INFO: [ app_init ] --START--
INFO: Run Behavior\BuildLiteBehavior [ RunTime:0.000000s ]
INFO: [ app_init ] --END-- [ RunTime:0.001000s ]
INFO: [ app_begin ] --START--
INFO: Run Behavior\ReadHtmlCacheBehavior [ RunTime:0.000000s ]
INFO: [ app_begin ] --END-- [ RunTime:0.001000s ]
NOTIC: [8] A session had already been started - ignoring session_start() E:\www\xuan\ThinkPHP\Common\functions.php Á¨¨ 1263 Ë°å.
SQL: SHOW COLUMNS FROM `emlog_options` [ RunTime:0.0010s ]
SQL: SELECT * FROM `emlog_options` WHERE `option_name` IN ('blogname','bloginfo','site_title','site_description','site_key','blogurl','icp','footer_info')  [ RunTime:0.0010s ]
INFO: [ view_parse ] --START--
INFO: [ template_filter ] --START--
INFO: Run Behavior\ContentReplaceBehavior [ RunTime:0.000000s ]
INFO: [ template_filter ] --END-- [ RunTime:0.000000s ]
INFO: Run Behavior\ParseTemplateBehavior [ RunTime:0.007000s ]
INFO: [ view_parse ] --END-- [ RunTime:0.007000s ]
INFO: [ view_filter ] --START--
INFO: Run Behavior\WriteHtmlCacheBehavior [ RunTime:0.000000s ]
INFO: Run Behavior\TokenBuildBehavior [ RunTime:0.000000s ]
INFO: [ view_filter ] --END-- [ RunTime:0.000000s ]
INFO: [ app_end ] --START--
INFO: Run Behavior\ShowPageTraceBehavior [ RunTime:0.000000s ]
INFO: [ app_end ] --END-- [ RunTime:0.000000s ]

[ 2017-04-23T17:41:36+08:00 ] 127.0.0.1 /adc/comment/commentlist
INFO: [ app_init ] --START--
INFO: Run Behavior\BuildLiteBehavior [ RunTime:0.000000s ]
INFO: [ app_init ] --END-- [ RunTime:0.001000s ]
INFO: [ app_begin ] --START--
INFO: Run Behavior\ReadHtmlCacheBehavior [ RunTime:0.001000s ]
INFO: [ app_begin ] --END-- [ RunTime:0.001000s ]
NOTIC: [8] A session had already been started - ignoring session_start() E:\www\xuan\ThinkPHP\Common\functions.php Á¨¨ 1263 Ë°å.
INFO: [ view_parse ] --START--
INFO: [ template_filter ] --START--
INFO: Run Behavior\ContentReplaceBehavior [ RunTime:0.000000s ]
INFO: [ template_filter ] --END-- [ RunTime:0.000000s ]
INFO: Run Behavior\ParseTemplateBehavior [ RunTime:0.011000s ]
INFO: [ view_parse ] --END-- [ RunTime:0.011000s ]
INFO: [ view_filter ] --START--
INFO: Run Behavior\WriteHtmlCacheBehavior [ RunTime:0.000000s ]
INFO: Run Behavior\TokenBuildBehavior [ RunTime:0.000000s ]
INFO: [ view_filter ] --END-- [ RunTime:0.000000s ]
INFO: [ app_end ] --START--
INFO: Run Behavior\ShowPageTraceBehavior [ RunTime:0.000000s ]
INFO: [ app_end ] --END-- [ RunTime:0.000000s ]

[ 2017-04-23T17:41:36+08:00 ] 127.0.0.1 /adc/comment/getCommentList?sEcho=1&iColumns=6&sColumns=%2C%2C%2C%2C%2C&iDisplayStart=0&iDisplayLength=10&mDataProp_0=comment&sSearch_0=&bRegex_0=false&bSearchable_0=true&bSortable_0=true&mDataProp_1=poster&sSearch_1=&bRegex_1=false&bSearchable_1=true&bSortable_1=true&mDataProp_2=blogname&sSearch_2=&bRegex_2=false&bSearchable_2=true&bSortable_2=true&mDataProp_3=ip&sSearch_3=&bRegex_3=false&bSearchable_3=true&bSortable_3=true&mDataProp_4=date&sSearch_4=&bRegex_4=false&bSearchable_4=true&bSortable_4=true&mDataProp_5=5&sSearch_5=&bRegex_5=false&bSearchable_5=true&bSortable_5=false&sSearch=&bRegex=false&iSortingCols=0&_=1492940496639
INFO: [ app_init ] --START--
INFO: Run Behavior\BuildLiteBehavior [ RunTime:0.000000s ]
INFO: [ app_init ] --END-- [ RunTime:0.000000s ]
INFO: [ app_begin ] --START--
INFO: Run Behavior\ReadHtmlCacheBehavior [ RunTime:0.001000s ]
INFO: [ app_begin ] --END-- [ RunTime:0.001000s ]
NOTIC: [8] A session had already been started - ignoring session_start() E:\www\xuan\ThinkPHP\Common\functions.php Á¨¨ 1263 Ë°å.
NOTIC: [8] Use of undefined constant int - assumed 'int' E:\www\xuan\App\Adc\Controller\CommentController.class.php Á¨¨ 18 Ë°å.
SQL: SHOW COLUMNS FROM `emlog_comment` [ RunTime:0.0020s ]
SQL: SELECT a.cid,a.comment,a.poster,b.title as blogname,a.ip,FROM_UNIXTIME(a.date,"%Y-%m-%d %H:%i:%S") as date FROM emlog_comment a LEFT JOIN emlog_blog b ON a.gid = b.gid  ORDER BY a.cid desc LIMIT 0,10   [ RunTime:0.0020s ]
SQL: SELECT COUNT(*) AS tp_count FROM emlog_comment a LEFT JOIN emlog_blog b ON a.gid = b.gid  LIMIT 1   [ RunTime:0.0020s ]

[ 2017-04-23T17:41:37+08:00 ] 127.0.0.1 /adc/comment/commentlist
INFO: [ app_init ] --START--
INFO: Run Behavior\BuildLiteBehavior [ RunTime:0.000000s ]
INFO: [ app_init ] --END-- [ RunTime:0.000000s ]
INFO: [ app_begin ] --START--
INFO: Run Behavior\ReadHtmlCacheBehavior [ RunTime:0.000000s ]
INFO: [ app_begin ] --END-- [ RunTime:0.001000s ]
NOTIC: [8] A session had already been started - ignoring session_start() E:\www\xuan\ThinkPHP\Common\functions.php Á¨¨ 1263 Ë°å.
INFO: [ view_parse ] --START--
INFO: [ template_filter ] --START--
INFO: Run Behavior\ContentReplaceBehavior [ RunTime:0.000000s ]
INFO: [ template_filter ] --END-- [ RunTime:0.000000s ]
INFO: Run Behavior\ParseTemplateBehavior [ RunTime:0.009000s ]
INFO: [ view_parse ] --END-- [ RunTime:0.009000s ]
INFO: [ view_filter ] --START--
INFO: Run Behavior\WriteHtmlCacheBehavior [ RunTime:0.000000s ]
INFO: Run Behavior\TokenBuildBehavior [ RunTime:0.001000s ]
INFO: [ view_filter ] --END-- [ RunTime:0.001000s ]
INFO: [ app_end ] --START--
INFO: Run Behavior\ShowPageTraceBehavior [ RunTime:0.001000s ]
INFO: [ app_end ] --END-- [ RunTime:0.001000s ]

[ 2017-04-23T17:41:38+08:00 ] 127.0.0.1 /adc/comment/getCommentList?sEcho=1&iColumns=6&sColumns=%2C%2C%2C%2C%2C&iDisplayStart=0&iDisplayLength=10&mDataProp_0=comment&sSearch_0=&bRegex_0=false&bSearchable_0=true&bSortable_0=true&mDataProp_1=poster&sSearch_1=&bRegex_1=false&bSearchable_1=true&bSortable_1=true&mDataProp_2=blogname&sSearch_2=&bRegex_2=false&bSearchable_2=true&bSortable_2=true&mDataProp_3=ip&sSearch_3=&bRegex_3=false&bSearchable_3=true&bSortable_3=true&mDataProp_4=date&sSearch_4=&bRegex_4=false&bSearchable_4=true&bSortable_4=true&mDataProp_5=5&sSearch_5=&bRegex_5=false&bSearchable_5=true&bSortable_5=false&sSearch=&bRegex=false&iSortingCols=0&_=1492940497845
INFO: [ app_init ] --START--
INFO: Run Behavior\BuildLiteBehavior [ RunTime:0.000000s ]
INFO: [ app_init ] --END-- [ RunTime:0.002000s ]
INFO: [ app_begin ] --START--
INFO: Run Behavior\ReadHtmlCacheBehavior [ RunTime:0.000000s ]
INFO: [ app_begin ] --END-- [ RunTime:0.000000s ]
NOTIC: [8] A session had already been started - ignoring session_start() E:\www\xuan\ThinkPHP\Common\functions.php Á¨¨ 1263 Ë°å.
NOTIC: [8] Use of undefined constant int - assumed 'int' E:\www\xuan\App\Adc\Controller\CommentController.class.php Á¨¨ 18 Ë°å.
SQL: SHOW COLUMNS FROM `emlog_comment` [ RunTime:0.0010s ]
SQL: SELECT a.cid,a.comment,a.poster,b.title as blogname,a.ip,FROM_UNIXTIME(a.date,"%Y-%m-%d %H:%i:%S") as date FROM emlog_comment a LEFT JOIN emlog_blog b ON a.gid = b.gid  ORDER BY a.cid desc LIMIT 0,10   [ RunTime:0.0020s ]
SQL: SELECT COUNT(*) AS tp_count FROM emlog_comment a LEFT JOIN emlog_blog b ON a.gid = b.gid  LIMIT 1   [ RunTime:0.0010s ]

[ 2017-04-23T17:41:39+08:00 ] 127.0.0.1 /adc/comment/commentlist
INFO: [ app_init ] --START--
INFO: Run Behavior\BuildLiteBehavior [ RunTime:0.000000s ]
INFO: [ app_init ] --END-- [ RunTime:0.001000s ]
INFO: [ app_begin ] --START--
INFO: Run Behavior\ReadHtmlCacheBehavior [ RunTime:0.001000s ]
INFO: [ app_begin ] --END-- [ RunTime:0.001000s ]
NOTIC: [8] A session had already been started - ignoring session_start() E:\www\xuan\ThinkPHP\Common\functions.php Á¨¨ 1263 Ë°å.
INFO: [ view_parse ] --START--
INFO: [ template_filter ] --START--
INFO: Run Behavior\ContentReplaceBehavior [ RunTime:0.000000s ]
INFO: [ template_filter ] --END-- [ RunTime:0.000000s ]
INFO: Run Behavior\ParseTemplateBehavior [ RunTime:0.007000s ]
INFO: [ view_parse ] --END-- [ RunTime:0.007000s ]
INFO: [ view_filter ] --START--
INFO: Run Behavior\WriteHtmlCacheBehavior [ RunTime:0.000000s ]
INFO: Run Behavior\TokenBuildBehavior [ RunTime:0.001000s ]
INFO: [ view_filter ] --END-- [ RunTime:0.001000s ]
INFO: [ app_end ] --START--
INFO: Run Behavior\ShowPageTraceBehavior [ RunTime:0.000000s ]
INFO: [ app_end ] --END-- [ RunTime:0.000000s ]

[ 2017-04-23T17:41:39+08:00 ] 127.0.0.1 /adc/comment/getCommentList?sEcho=1&iColumns=6&sColumns=%2C%2C%2C%2C%2C&iDisplayStart=0&iDisplayLength=10&mDataProp_0=comment&sSearch_0=&bRegex_0=false&bSearchable_0=true&bSortable_0=true&mDataProp_1=poster&sSearch_1=&bRegex_1=false&bSearchable_1=true&bSortable_1=true&mDataProp_2=blogname&sSearch_2=&bRegex_2=false&bSearchable_2=true&bSortable_2=true&mDataProp_3=ip&sSearch_3=&bRegex_3=false&bSearchable_3=true&bSortable_3=true&mDataProp_4=date&sSearch_4=&bRegex_4=false&bSearchable_4=true&bSortable_4=true&mDataProp_5=5&sSearch_5=&bRegex_5=false&bSearchable_5=true&bSortable_5=false&sSearch=&bRegex=false&iSortingCols=0&_=1492940499098
INFO: [ app_init ] --START--
INFO: Run Behavior\BuildLiteBehavior [ RunTime:0.000000s ]
INFO: [ app_init ] --END-- [ RunTime:0.001000s ]
INFO: [ app_begin ] --START--
INFO: Run Behavior\ReadHtmlCacheBehavior [ RunTime:0.001000s ]
INFO: [ app_begin ] --END-- [ RunTime:0.001000s ]
NOTIC: [8] A session had already been started - ignoring session_start() E:\www\xuan\ThinkPHP\Common\functions.php Á¨¨ 1263 Ë°å.
NOTIC: [8] Use of undefined constant int - assumed 'int' E:\www\xuan\App\Adc\Controller\CommentController.class.php Á¨¨ 18 Ë°å.
SQL: SHOW COLUMNS FROM `emlog_comment` [ RunTime:0.0010s ]
SQL: SELECT a.cid,a.comment,a.poster,b.title as blogname,a.ip,FROM_UNIXTIME(a.date,"%Y-%m-%d %H:%i:%S") as date FROM emlog_comment a LEFT JOIN emlog_blog b ON a.gid = b.gid  ORDER BY a.cid desc LIMIT 0,10   [ RunTime:0.0010s ]
SQL: SELECT COUNT(*) AS tp_count FROM emlog_comment a LEFT JOIN emlog_blog b ON a.gid = b.gid  LIMIT 1   [ RunTime:0.0000s ]

[ 2017-04-23T17:41:41+08:00 ] 127.0.0.1 /adc/set/basicset
INFO: [ app_init ] --START--
INFO: Run Behavior\BuildLiteBehavior [ RunTime:0.000000s ]
INFO: [ app_init ] --END-- [ RunTime:0.001000s ]
INFO: [ app_begin ] --START--
INFO: Run Behavior\ReadHtmlCacheBehavior [ RunTime:0.000000s ]
INFO: [ app_begin ] --END-- [ RunTime:0.000000s ]
NOTIC: [8] A session had already been started - ignoring session_start() E:\www\xuan\ThinkPHP\Common\functions.php Á¨¨ 1263 Ë°å.
SQL: SHOW COLUMNS FROM `emlog_options` [ RunTime:0.0020s ]
SQL: SELECT * FROM `emlog_options` WHERE `option_name` IN ('blogname','bloginfo','site_title','site_description','site_key','blogurl','icp','footer_info')  [ RunTime:0.0020s ]
INFO: [ view_parse ] --START--
INFO: [ template_filter ] --START--
INFO: Run Behavior\ContentReplaceBehavior [ RunTime:0.000000s ]
INFO: [ template_filter ] --END-- [ RunTime:0.001000s ]
INFO: Run Behavior\ParseTemplateBehavior [ RunTime:0.008000s ]
INFO: [ view_parse ] --END-- [ RunTime:0.008000s ]
INFO: [ view_filter ] --START--
INFO: Run Behavior\WriteHtmlCacheBehavior [ RunTime:0.001000s ]
INFO: Run Behavior\TokenBuildBehavior [ RunTime:0.000000s ]
INFO: [ view_filter ] --END-- [ RunTime:0.001000s ]
INFO: [ app_end ] --START--
INFO: Run Behavior\ShowPageTraceBehavior [ RunTime:0.001000s ]
INFO: [ app_end ] --END-- [ RunTime:0.001000s ]

