[ 2017-05-31T10:18:30+08:00 ] 127.0.0.1 /Public/http/fonts/Material-Design-Icons.woff?3ocs8m
INFO: [ app_init ] --START--
INFO: Run Behavior\BuildLiteBehavior [ RunTime:0.000000s ]
INFO: [ app_init ] --END-- [ RunTime:0.001000s ]
ERR: 无法加载模块:Public

[ 2017-05-31T10:18:30+08:00 ] 127.0.0.1 /Public/http/fonts/Material-Design-Icons.ttf?3ocs8m
INFO: [ app_init ] --START--
INFO: Run Behavior\BuildLiteBehavior [ RunTime:0.000000s ]
INFO: [ app_init ] --END-- [ RunTime:0.000000s ]
ERR: 无法加载模块:Public

[ 2017-05-31T10:18:42+08:00 ] 127.0.0.1 /Public/http/fonts/Material-Design-Icons.woff?3ocs8m
INFO: [ app_init ] --START--
INFO: Run Behavior\BuildLiteBehavior [ RunTime:0.000000s ]
INFO: [ app_init ] --END-- [ RunTime:0.000000s ]
ERR: 无法加载模块:Public

[ 2017-05-31T10:18:43+08:00 ] 127.0.0.1 /Public/http/fonts/Material-Design-Icons.ttf?3ocs8m
INFO: [ app_init ] --START--
INFO: Run Behavior\BuildLiteBehavior [ RunTime:0.000000s ]
INFO: [ app_init ] --END-- [ RunTime:0.000000s ]
ERR: 无法加载模块:Public

[ 2017-05-31T10:18:43+08:00 ] 127.0.0.1 /Public/http/fonts/Material-Design-Icons.woff?3ocs8m
INFO: [ app_init ] --START--
INFO: Run Behavior\BuildLiteBehavior [ RunTime:0.000000s ]
INFO: [ app_init ] --END-- [ RunTime:0.000000s ]
ERR: 无法加载模块:Public

[ 2017-05-31T10:18:43+08:00 ] 127.0.0.1 /Public/http/fonts/Material-Design-Icons.ttf?3ocs8m
INFO: [ app_init ] --START--
INFO: Run Behavior\BuildLiteBehavior [ RunTime:0.000000s ]
INFO: [ app_init ] --END-- [ RunTime:0.001000s ]
ERR: 无法加载模块:Public

[ 2017-05-31T10:19:22+08:00 ] 10.10.9.33 /Public/http/fonts/Material-Design-Icons.woff?3ocs8m
INFO: [ app_init ] --START--
INFO: Run Behavior\BuildLiteBehavior [ RunTime:0.000000s ]
INFO: [ app_init ] --END-- [ RunTime:0.000000s ]
ERR: 无法加载模块:Public

[ 2017-05-31T10:19:22+08:00 ] 10.10.9.33 /Public/http/fonts/Material-Design-Icons.ttf?3ocs8m
INFO: [ app_init ] --START--
INFO: Run Behavior\BuildLiteBehavior [ RunTime:0.000000s ]
INFO: [ app_init ] --END-- [ RunTime:0.000000s ]
ERR: 无法加载模块:Public

