[ 2017-04-12T16:50:22+08:00 ] 10.10.0.48 /Public/adc/ueditor/upload/image/20170412/QQ%E5%9B%BE%E7%89%87201704011536461491987022281860.jpg
INFO: [ app_init ] --START--
INFO: Run Behavior\BuildLiteBehavior [ RunTime:0.000000s ]
INFO: [ app_init ] --END-- [ RunTime:0.001000s ]
ERR: 无法加载模块:Public

[ 2017-04-12T16:50:31+08:00 ] 10.10.0.48 /Public/adc/ueditor/upload/image/20170412/QQ%E5%9B%BE%E7%89%87201704011536461491987022281860.jpg
INFO: [ app_init ] --START--
INFO: Run Behavior\BuildLiteBehavior [ RunTime:0.000000s ]
INFO: [ app_init ] --END-- [ RunTime:0.001000s ]
ERR: 无法加载模块:Public

[ 2017-04-12T16:51:03+08:00 ] 10.10.0.48 /Public/adc/ueditor/upload/image/20170412/QQ%E5%9B%BE%E7%89%8720170401153646879913.jpg
INFO: [ app_init ] --START--
INFO: Run Behavior\BuildLiteBehavior [ RunTime:0.000000s ]
INFO: [ app_init ] --END-- [ RunTime:0.001000s ]
ERR: 无法加载模块:Public

[ 2017-04-12T16:51:20+08:00 ] 10.10.0.48 /Public/adc/ueditor/upload/image/20170412/QQ%E5%9B%BE%E7%89%8720170401153646879913.jpg
INFO: [ app_init ] --START--
INFO: Run Behavior\BuildLiteBehavior [ RunTime:0.000000s ]
INFO: [ app_init ] --END-- [ RunTime:0.001000s ]
ERR: 无法加载模块:Public

[ 2017-04-12T16:51:38+08:00 ] 10.10.0.48 /public/adc/ueditor/upload/image/20170412/QQ%E5%9B%BE%E7%89%8720170401153646879913.jpg
INFO: [ app_init ] --START--
INFO: Run Behavior\BuildLiteBehavior [ RunTime:0.000000s ]
INFO: [ app_init ] --END-- [ RunTime:0.001000s ]
ERR: 无法加载模块:Public

[ 2017-04-12T16:51:42+08:00 ] 10.10.0.48 /Public/adc/ueditor/upload/image/20170412/QQ%E5%9B%BE%E7%89%8720170401153646879913.jpg
INFO: [ app_init ] --START--
INFO: Run Behavior\BuildLiteBehavior [ RunTime:0.000000s ]
INFO: [ app_init ] --END-- [ RunTime:0.001000s ]
ERR: 无法加载模块:Public

